#-----------------------------------------------------------
# Vivado v2023.2 (64-bit)
# SW Build 4029153 on Fri Oct 13 20:13:54 MDT 2023
# IP Build 4028589 on Sat Oct 14 00:45:43 MDT 2023
# SharedData Build 4025554 on Tue Oct 10 17:18:54 MDT 2023
# Start of session at: Thu May 30 11:14:28 2024
# Process ID: 554022
# Current directory: /home/yzy/MachSuite/spmv/crs/spmv_syn/solution/.autopilot/db/ip_tmp
# Command line: vivado  -notrace -log vivado.log -mode batch -source run_vivado_gen_ip.tcl
# Log file: /home/yzy/MachSuite/spmv/crs/spmv_syn/solution/.autopilot/db/ip_tmp/vivado.log
# Journal file: /home/yzy/MachSuite/spmv/crs/spmv_syn/solution/.autopilot/db/ip_tmp/vivado.jou
# Running On: yzy, OS: Linux, CPU Frequency: 2688.010 MHz, CPU Physical cores: 10, Host memory: 8227 MB
#-----------------------------------------------------------
source run_vivado_gen_ip.tcl -notrace
INFO: [IP_Flow 19-234] Refreshing IP repositories
INFO: [IP_Flow 19-1704] No user IP repositories specified
INFO: [IP_Flow 19-2313] Loaded Vivado IP repository '/tools/Xilinx/Vivado/2023.2/data/ip'.
INFO: [IP_Flow 19-1686] Generating 'Synthesis' target for IP 'spmv_dmul_64ns_64ns_64_5_max_dsp_1_ip'...
INFO: [IP_Flow 19-1686] Generating 'Simulation' target for IP 'spmv_dmul_64ns_64ns_64_5_max_dsp_1_ip'...
INFO: [IP_Flow 19-1686] Generating 'Synthesis' target for IP 'spmv_dadd_64ns_64ns_64_5_full_dsp_1_ip'...
INFO: [IP_Flow 19-1686] Generating 'Simulation' target for IP 'spmv_dadd_64ns_64ns_64_5_full_dsp_1_ip'...
INFO: [Common 17-206] Exiting Vivado at Thu May 30 11:14:39 2024...
