Vivado Simulator v2023.2
Copyright 1986-2022 Xilinx, Inc. All Rights Reserved.
Copyright 2022-2023 Advanced Micro Devices, Inc. All Rights Reserved.
Running: /tools/Xilinx/Vivado/2023.2/bin/unwrapped/lnx64.o/xelab xil_defaultlib.apatb_spmv_top glbl -Oenable_linking_all_libraries -prj spmv.prj -L smartconnect_v1_0 -L axi_protocol_checker_v1_1_12 -L axi_protocol_checker_v1_1_13 -L axis_protocol_checker_v1_1_11 -L axis_protocol_checker_v1_1_12 -L xil_defaultlib -L unisims_ver -L xpm -L floating_point_v7_1_16 -L floating_point_v7_0_21 --lib ieee_proposed=./ieee_proposed -s spmv 
Multi-threading is on. Using 18 slave threads.
WARNING: [XSIM 43-3431] One or more environment variables have been detected which affect the operation of the C compiler. These are typically not set in standard installations and are not tested by AMD, however they may be appropriate for your system, so the flow will attempt to continue.  If errors occur, try running xelab with the "-mt off -v 1" switches to see more information from the C compiler. The following environment variables have been detected:
INFO: [VRFC 10-2263] Analyzing SystemVerilog file "/home/yzy/MachSuite/spmv/crs/spmv_syn/solution/sim/verilog/ip/xil_defaultlib/spmv_dmul_64ns_64ns_64_5_max_dsp_1_ip.v" into library xil_defaultlib
INFO: [VRFC 10-311] analyzing module spmv_dmul_64ns_64ns_64_5_max_dsp_1_ip
INFO: [VRFC 10-2263] Analyzing SystemVerilog file "/home/yzy/MachSuite/spmv/crs/spmv_syn/solution/sim/verilog/ip/xil_defaultlib/spmv_dadd_64ns_64ns_64_5_full_dsp_1_ip.v" into library xil_defaultlib
INFO: [VRFC 10-311] analyzing module spmv_dadd_64ns_64ns_64_5_full_dsp_1_ip
INFO: [VRFC 10-2263] Analyzing SystemVerilog file "/home/yzy/MachSuite/spmv/crs/spmv_syn/solution/sim/verilog/glbl.v" into library work
INFO: [VRFC 10-311] analyzing module glbl
INFO: [VRFC 10-2263] Analyzing SystemVerilog file "/home/yzy/MachSuite/spmv/crs/spmv_syn/solution/sim/verilog/spmv.v" into library xil_defaultlib
INFO: [VRFC 10-311] analyzing module spmv
INFO: [VRFC 10-2263] Analyzing SystemVerilog file "/home/yzy/MachSuite/spmv/crs/spmv_syn/solution/sim/verilog/AESL_automem_cols.v" into library xil_defaultlib
INFO: [VRFC 10-311] analyzing module AESL_automem_cols
INFO: [VRFC 10-2263] Analyzing SystemVerilog file "/home/yzy/MachSuite/spmv/crs/spmv_syn/solution/sim/verilog/AESL_automem_out_r.v" into library xil_defaultlib
INFO: [VRFC 10-311] analyzing module AESL_automem_out_r
INFO: [VRFC 10-2263] Analyzing SystemVerilog file "/home/yzy/MachSuite/spmv/crs/spmv_syn/solution/sim/verilog/spmv_flow_control_loop_pipe_sequential_init.v" into library xil_defaultlib
INFO: [VRFC 10-311] analyzing module spmv_flow_control_loop_pipe_sequential_init
INFO: [VRFC 10-2263] Analyzing SystemVerilog file "/home/yzy/MachSuite/spmv/crs/spmv_syn/solution/sim/verilog/spmv_dadd_64ns_64ns_64_5_full_dsp_1.v" into library xil_defaultlib
INFO: [VRFC 10-311] analyzing module spmv_dadd_64ns_64ns_64_5_full_dsp_1
INFO: [VRFC 10-2263] Analyzing SystemVerilog file "/home/yzy/MachSuite/spmv/crs/spmv_syn/solution/sim/verilog/AESL_automem_rowDelimiters.v" into library xil_defaultlib
INFO: [VRFC 10-311] analyzing module AESL_automem_rowDelimiters
INFO: [VRFC 10-2263] Analyzing SystemVerilog file "/home/yzy/MachSuite/spmv/crs/spmv_syn/solution/sim/verilog/spmv_spmv_Pipeline_spmv_2.v" into library xil_defaultlib
INFO: [VRFC 10-311] analyzing module spmv_spmv_Pipeline_spmv_2
INFO: [VRFC 10-2263] Analyzing SystemVerilog file "/home/yzy/MachSuite/spmv/crs/spmv_syn/solution/sim/verilog/AESL_automem_vec.v" into library xil_defaultlib
INFO: [VRFC 10-311] analyzing module AESL_automem_vec
INFO: [VRFC 10-2263] Analyzing SystemVerilog file "/home/yzy/MachSuite/spmv/crs/spmv_syn/solution/sim/verilog/spmv_dmul_64ns_64ns_64_5_max_dsp_1.v" into library xil_defaultlib
INFO: [VRFC 10-311] analyzing module spmv_dmul_64ns_64ns_64_5_max_dsp_1
INFO: [VRFC 10-2263] Analyzing SystemVerilog file "/home/yzy/MachSuite/spmv/crs/spmv_syn/solution/sim/verilog/spmv.autotb.v" into library xil_defaultlib
INFO: [VRFC 10-311] analyzing module apatb_spmv_top
INFO: [VRFC 10-2263] Analyzing SystemVerilog file "/home/yzy/MachSuite/spmv/crs/spmv_syn/solution/sim/verilog/AESL_automem_val_r.v" into library xil_defaultlib
INFO: [VRFC 10-311] analyzing module AESL_automem_val_r
INFO: [VRFC 10-2263] Analyzing SystemVerilog file "/home/yzy/MachSuite/spmv/crs/spmv_syn/solution/sim/verilog/dataflow_monitor.sv" into library xil_defaultlib
INFO: [VRFC 10-311] analyzing module dataflow_monitor
Starting static elaboration
Pass Through NonSizing Optimizer
Completed static elaboration
Starting simulation data flow analysis
Completed simulation data flow analysis
Time Resolution for simulation is 1ps
Compiling package std.standard
Compiling package std.textio
Compiling package ieee.std_logic_1164
Compiling package floating_point_v7_1_16.floating_point_v7_1_16_viv_comp
Compiling package ieee.numeric_std
Compiling package xbip_utils_v3_0_11.xbip_utils_v3_0_11_pkg
Compiling package axi_utils_v2_0_7.axi_utils_v2_0_7_pkg
Compiling package floating_point_v7_1_16.floating_point_v7_1_16_consts
Compiling package ieee.math_real
Compiling package floating_point_v7_1_16.floating_point_v7_1_16_exp_table...
Compiling package mult_gen_v12_0_19.mult_gen_v12_0_19_pkg
Compiling package ieee.std_logic_arith
Compiling package ieee.std_logic_signed
Compiling package floating_point_v7_1_16.floating_point_v7_1_16_pkg
Compiling package floating_point_v7_1_16.flt_utils
Compiling package xbip_pipe_v3_0_7.xbip_pipe_v3_0_7_viv_comp
Compiling package unisim.vcomponents
Compiling package ieee.vital_timing
Compiling package ieee.vital_primitives
Compiling package unisim.vpkg
Compiling package xil_defaultlib.$unit_dataflow_monitor_sv
Compiling architecture synth of entity xbip_pipe_v3_0_7.xbip_pipe_v3_0_7_viv [\xbip_pipe_v3_0_7_viv(c_latency=...]
Compiling architecture rtl of entity floating_point_v7_1_16.delay [\delay(width=52)\]
Compiling architecture synth of entity xbip_pipe_v3_0_7.xbip_pipe_v3_0_7_viv [\xbip_pipe_v3_0_7_viv(c_latency=...]
Compiling architecture rtl of entity floating_point_v7_1_16.delay [delay_default]
Compiling architecture synth of entity xbip_pipe_v3_0_7.xbip_pipe_v3_0_7_viv [\xbip_pipe_v3_0_7_viv(c_has_ce=1...]
Compiling architecture rtl of entity floating_point_v7_1_16.delay [\delay(width=14,length=0)\]
Compiling architecture synth of entity xbip_pipe_v3_0_7.xbip_pipe_v3_0_7_viv [\xbip_pipe_v3_0_7_viv(c_has_ce=1...]
Compiling architecture rtl of entity floating_point_v7_1_16.delay [\delay(width=3,length=0,fast_inp...]
Compiling architecture synth of entity xbip_pipe_v3_0_7.xbip_pipe_v3_0_7_viv [\xbip_pipe_v3_0_7_viv(c_has_ce=1...]
Compiling architecture rtl of entity floating_point_v7_1_16.delay [\delay(length=0)\]
Compiling architecture synth of entity xbip_pipe_v3_0_7.xbip_pipe_v3_0_7_viv [\xbip_pipe_v3_0_7_viv(c_has_ce=1...]
Compiling architecture rtl of entity floating_point_v7_1_16.delay [\delay(width=54,length=0)\]
Compiling architecture synth of entity xbip_pipe_v3_0_7.xbip_pipe_v3_0_7_viv [\xbip_pipe_v3_0_7_viv(c_has_ce=1...]
Compiling architecture rtl of entity floating_point_v7_1_16.delay [\delay(width=11,length=0,fast_in...]
Compiling architecture synth of entity xbip_pipe_v3_0_7.xbip_pipe_v3_0_7_viv [\xbip_pipe_v3_0_7_viv(c_has_ce=1...]
Compiling architecture rtl of entity floating_point_v7_1_16.delay [\delay(length=0,fast_input=true)...]
Compiling architecture synth of entity xbip_pipe_v3_0_7.xbip_pipe_v3_0_7_viv [\xbip_pipe_v3_0_7_viv(c_has_ce=1...]
Compiling architecture rtl of entity floating_point_v7_1_16.delay [\delay(width=2,length=0)\]
Compiling architecture synth of entity xbip_pipe_v3_0_7.xbip_pipe_v3_0_7_viv [\xbip_pipe_v3_0_7_viv(c_has_ce=1...]
Compiling architecture rtl of entity floating_point_v7_1_16.delay [\delay(width=16,length=0)\]
Compiling architecture muxf7_v of entity unisim.MUXF7 [muxf7_default]
Compiling architecture muxf8_v of entity unisim.MUXF8 [muxf8_default]
Compiling architecture muxcy_v of entity unisim.MUXCY [muxcy_default]
Compiling architecture struct of entity floating_point_v7_1_16.carry_chain [\carry_chain(c_xdevicefamily="vi...]
Compiling architecture synth of entity floating_point_v7_1_16.compare_eq_im [\compare_eq_im(c_xdevicefamily="...]
Compiling architecture rtl of entity floating_point_v7_1_16.zero_det_sel [\zero_det_sel(c_xdevicefamily="v...]
Compiling architecture synth of entity xbip_pipe_v3_0_7.xbip_pipe_v3_0_7_viv [\xbip_pipe_v3_0_7_viv(c_has_ce=1...]
Compiling architecture rtl of entity floating_point_v7_1_16.delay [\delay(width=55,length=0)\]
Compiling architecture rtl of entity floating_point_v7_1_16.shift_msb_first [\shift_msb_first(a_width=54,regi...]
Compiling architecture rtl of entity floating_point_v7_1_16.alignment [\alignment(c_xdevicefamily="virt...]
Compiling architecture synth of entity xbip_pipe_v3_0_7.xbip_pipe_v3_0_7_viv [\xbip_pipe_v3_0_7_viv(c_latency=...]
Compiling architecture rtl of entity floating_point_v7_1_16.delay [\delay(fast_input=true)\]
Compiling architecture synth of entity xbip_pipe_v3_0_7.xbip_pipe_v3_0_7_viv [\xbip_pipe_v3_0_7_viv(c_has_ce=1...]
Compiling architecture rtl of entity floating_point_v7_1_16.delay [\delay(width=47,length=0)\]
Compiling architecture dsp48e1_v of entity unisim.DSP48E1 [\DSP48E1(acascreg=0,adreg=0,alum...]
Compiling architecture synth of entity xbip_pipe_v3_0_7.xbip_pipe_v3_0_7_viv [\xbip_pipe_v3_0_7_viv(c_has_ce=1...]
Compiling architecture rtl of entity floating_point_v7_1_16.delay [\delay(width=7,length=0)\]
Compiling architecture synth of entity xbip_pipe_v3_0_7.xbip_pipe_v3_0_7_viv [\xbip_pipe_v3_0_7_viv(c_has_ce=1...]
Compiling architecture rtl of entity floating_point_v7_1_16.delay [\delay(width=4,length=0)\]
Compiling architecture synth of entity xbip_pipe_v3_0_7.xbip_pipe_v3_0_7_viv [\xbip_pipe_v3_0_7_viv(c_has_ce=1...]
Compiling architecture rtl of entity floating_point_v7_1_16.delay [\delay(width=30,length=0)\]
Compiling architecture synth of entity xbip_pipe_v3_0_7.xbip_pipe_v3_0_7_viv [\xbip_pipe_v3_0_7_viv(c_has_ce=1...]
Compiling architecture rtl of entity floating_point_v7_1_16.delay [\delay(width=18,length=0)\]
Compiling architecture synth of entity xbip_pipe_v3_0_7.xbip_pipe_v3_0_7_viv [\xbip_pipe_v3_0_7_viv(c_has_ce=1...]
Compiling architecture rtl of entity floating_point_v7_1_16.delay [\delay(width=25,length=0)\]
Compiling architecture rtl of entity floating_point_v7_1_16.dsp48e1_wrapper [\dsp48e1_wrapper(a_width=30,b_wi...]
Compiling architecture dsp48e1_v of entity unisim.DSP48E1 [\DSP48E1(acascreg=0,adreg=0,alum...]
Compiling architecture synth of entity xbip_pipe_v3_0_7.xbip_pipe_v3_0_7_viv [\xbip_pipe_v3_0_7_viv(c_has_ce=1...]
Compiling architecture rtl of entity floating_point_v7_1_16.delay [\delay(width=48,length=0)\]
Compiling architecture rtl of entity floating_point_v7_1_16.dsp48e1_wrapper [\dsp48e1_wrapper(a_width=30,b_wi...]
Compiling architecture synth of entity xbip_pipe_v3_0_7.xbip_pipe_v3_0_7_viv [\xbip_pipe_v3_0_7_viv(c_has_ce=1...]
Compiling architecture rtl of entity floating_point_v7_1_16.delay [\delay(width=9,length=0)\]
Compiling architecture xorcy_v of entity unisim.XORCY [xorcy_default]
Compiling architecture synth of entity xbip_pipe_v3_0_7.xbip_pipe_v3_0_7_viv [\xbip_pipe_v3_0_7_viv(c_has_ce=1...]
Compiling architecture rtl of entity floating_point_v7_1_16.delay [\delay(width=8,length=0)\]
Compiling architecture synth of entity xbip_pipe_v3_0_7.xbip_pipe_v3_0_7_viv [\xbip_pipe_v3_0_7_viv(c_latency=...]
Compiling architecture rtl of entity floating_point_v7_1_16.delay [\delay(width=9)\]
Compiling architecture struct of entity floating_point_v7_1_16.carry_chain [\carry_chain(c_xdevicefamily="vi...]
Compiling architecture synth of entity xbip_pipe_v3_0_7.xbip_pipe_v3_0_7_viv [\xbip_pipe_v3_0_7_viv(c_has_ce=1...]
Compiling architecture rtl of entity floating_point_v7_1_16.delay [\delay(width=56,length=0)\]
Compiling architecture synth of entity floating_point_v7_1_16.addsub_dsp [\addsub_dsp(c_xdevicefamily="vir...]
Compiling architecture rtl of entity floating_point_v7_1_16.addsub [\addsub(c_xdevicefamily="virtex7...]
Compiling architecture rtl of entity floating_point_v7_1_16.align_add [\align_add(c_xdevicefamily="virt...]
Compiling architecture synth of entity xbip_pipe_v3_0_7.xbip_pipe_v3_0_7_viv [\xbip_pipe_v3_0_7_viv(c_has_ce=1...]
Compiling architecture rtl of entity floating_point_v7_1_16.delay [\delay(width=6,length=0,fast_inp...]
Compiling architecture struct of entity floating_point_v7_1_16.carry_chain [\carry_chain(c_xdevicefamily="vi...]
Compiling architecture rtl of entity floating_point_v7_1_16.mux4 [\mux4(c_xdevicefamily="virtex7",...]
Compiling architecture synth of entity xbip_pipe_v3_0_7.xbip_pipe_v3_0_7_viv [\xbip_pipe_v3_0_7_viv(c_has_ce=1...]
Compiling architecture rtl of entity floating_point_v7_1_16.delay [\delay(width=4,length=0,fast_inp...]
Compiling architecture rtl of entity floating_point_v7_1_16.mux4 [\mux4(c_xdevicefamily="virtex7",...]
Compiling architecture synth of entity xbip_pipe_v3_0_7.xbip_pipe_v3_0_7_viv [\xbip_pipe_v3_0_7_viv(c_latency=...]
Compiling architecture rtl of entity floating_point_v7_1_16.delay [\delay(width=2)\]
Compiling architecture synth of entity xbip_pipe_v3_0_7.xbip_pipe_v3_0_7_viv [\xbip_pipe_v3_0_7_viv(c_has_ce=1...]
Compiling architecture rtl of entity floating_point_v7_1_16.delay [\delay(width=2,length=0,fast_inp...]
Compiling architecture rtl of entity floating_point_v7_1_16.mux4 [\mux4(c_xdevicefamily="virtex7",...]
Compiling architecture rtl of entity floating_point_v7_1_16.mux4 [\mux4(c_xdevicefamily="virtex7",...]
Compiling architecture synth of entity xbip_pipe_v3_0_7.xbip_pipe_v3_0_7_viv [\xbip_pipe_v3_0_7_viv(c_has_ce=1...]
Compiling architecture rtl of entity floating_point_v7_1_16.delay [\delay(width=8,length=0,fast_inp...]
Compiling architecture struct of entity floating_point_v7_1_16.carry_chain [\carry_chain(c_xdevicefamily="vi...]
Compiling architecture rtl of entity floating_point_v7_1_16.lead_zero_encode [\lead_zero_encode(c_xdevicefamil...]
Compiling architecture synth of entity xbip_pipe_v3_0_7.xbip_pipe_v3_0_7_viv [\xbip_pipe_v3_0_7_viv(c_latency=...]
Compiling architecture rtl of entity floating_point_v7_1_16.delay [\delay(width=56)\]
Compiling architecture rtl of entity floating_point_v7_1_16.shift_msb_first [\shift_msb_first(a_width=56,resu...]
Compiling architecture rtl of entity floating_point_v7_1_16.dsp48e1_wrapper [\dsp48e1_wrapper(b_width=18,c_wi...]
Compiling architecture synth of entity xbip_pipe_v3_0_7.xbip_pipe_v3_0_7_viv [\xbip_pipe_v3_0_7_viv(c_has_ce=1...]
Compiling architecture rtl of entity floating_point_v7_1_16.delay [\delay(width=19,length=0)\]
Compiling architecture struct of entity floating_point_v7_1_16.carry_chain [\carry_chain(c_xdevicefamily="vi...]
Compiling architecture synth of entity xbip_pipe_v3_0_7.xbip_pipe_v3_0_7_viv [\xbip_pipe_v3_0_7_viv(c_has_ce=1...]
Compiling architecture rtl of entity floating_point_v7_1_16.delay [\delay(width=28,length=0)\]
Compiling architecture synth of entity xbip_pipe_v3_0_7.xbip_pipe_v3_0_7_viv [\xbip_pipe_v3_0_7_viv(c_has_ce=1...]
Compiling architecture rtl of entity floating_point_v7_1_16.delay [\delay(width=29,length=0)\]
Compiling architecture synth of entity xbip_pipe_v3_0_7.xbip_pipe_v3_0_7_viv [\xbip_pipe_v3_0_7_viv(c_has_ce=1...]
Compiling architecture rtl of entity floating_point_v7_1_16.delay [\delay(width=3,length=0)\]
Compiling architecture struct of entity floating_point_v7_1_16.carry_chain [\carry_chain(c_xdevicefamily="vi...]
Compiling architecture rtl of entity floating_point_v7_1_16.flt_round_bit [\flt_round_bit(c_xdevicefamily="...]
Compiling architecture rtl of entity floating_point_v7_1_16.renorm_and_round_logic [\renorm_and_round_logic(c_xdevic...]
Compiling architecture rtl of entity floating_point_v7_1_16.norm_and_round_logic [\norm_and_round_logic(c_xdevicef...]
Compiling architecture synth of entity xbip_pipe_v3_0_7.xbip_pipe_v3_0_7_viv [\xbip_pipe_v3_0_7_viv(c_latency=...]
Compiling architecture rtl of entity floating_point_v7_1_16.delay [\delay(length=2)\]
Compiling architecture synth of entity xbip_pipe_v3_0_7.xbip_pipe_v3_0_7_viv [\xbip_pipe_v3_0_7_viv(c_has_ce=1...]
Compiling architecture rtl of entity floating_point_v7_1_16.delay [\delay(width=12,length=0)\]
Compiling architecture struct of entity floating_point_v7_1_16.carry_chain [\carry_chain(c_xdevicefamily="vi...]
Compiling architecture synth of entity xbip_pipe_v3_0_7.xbip_pipe_v3_0_7_viv [\xbip_pipe_v3_0_7_viv(c_has_ce=1...]
Compiling architecture rtl of entity floating_point_v7_1_16.delay [\delay(width=12,length=0,fast_in...]
Compiling architecture synth of entity xbip_pipe_v3_0_7.xbip_pipe_v3_0_7_viv [\xbip_pipe_v3_0_7_viv(c_latency=...]
Compiling architecture rtl of entity floating_point_v7_1_16.delay [\delay(width=12,length=2)\]
Compiling architecture fdre_v of entity unisim.FDRE [fdre_default]
Compiling architecture fde_v of entity unisim.FDE [fde_default]
Compiling architecture struct of entity floating_point_v7_1_16.carry_chain [\carry_chain(c_xdevicefamily="vi...]
Compiling architecture synth of entity floating_point_v7_1_16.compare_eq_im [\compare_eq_im(c_xdevicefamily="...]
Compiling architecture rtl of entity floating_point_v7_1_16.special_detect [\special_detect(c_xdevicefamily=...]
Compiling architecture struct of entity floating_point_v7_1_16.carry_chain [\carry_chain(c_xdevicefamily="vi...]
Compiling architecture synth of entity floating_point_v7_1_16.compare_gt [\compare_gt(c_xdevicefamily="vir...]
Compiling architecture synth of entity xbip_pipe_v3_0_7.xbip_pipe_v3_0_7_viv [\xbip_pipe_v3_0_7_viv(c_has_ce=1...]
Compiling architecture rtl of entity floating_point_v7_1_16.delay [\delay(width=11,length=0)\]
Compiling architecture struct of entity floating_point_v7_1_16.carry_chain [\carry_chain(c_xdevicefamily="vi...]
Compiling architecture synth of entity floating_point_v7_1_16.compare_eq [\compare_eq(c_xdevicefamily="vir...]
Compiling architecture synth of entity floating_point_v7_1_16.compare [\compare(c_xdevicefamily="virtex...]
Compiling architecture synth of entity xbip_pipe_v3_0_7.xbip_pipe_v3_0_7_viv [\xbip_pipe_v3_0_7_viv(c_latency=...]
Compiling architecture rtl of entity floating_point_v7_1_16.delay [\delay(width=11)\]
Compiling architecture synth of entity xbip_pipe_v3_0_7.xbip_pipe_v3_0_7_viv [\xbip_pipe_v3_0_7_viv(c_latency=...]
Compiling architecture rtl of entity floating_point_v7_1_16.delay [\delay(width=12)\]
Compiling architecture synth of entity xbip_pipe_v3_0_7.xbip_pipe_v3_0_7_viv [\xbip_pipe_v3_0_7_viv(c_latency=...]
Compiling architecture rtl of entity floating_point_v7_1_16.delay [\delay(width=2,length=2,fast_inp...]
Compiling architecture synth of entity xbip_pipe_v3_0_7.xbip_pipe_v3_0_7_viv [\xbip_pipe_v3_0_7_viv(c_latency=...]
Compiling architecture rtl of entity floating_point_v7_1_16.delay [\delay(length=2,fast_input=true)...]
Compiling architecture rtl of entity floating_point_v7_1_16.flt_add_exp [\flt_add_exp(c_xdevicefamily="vi...]
Compiling architecture synth of entity floating_point_v7_1_16.flt_dec_op [\flt_dec_op(c_xdevicefamily="vir...]
Compiling architecture rtl of entity floating_point_v7_1_16.flt_add_logic [\flt_add_logic(c_xdevicefamily="...]
Compiling architecture rtl of entity floating_point_v7_1_16.flt_add [\flt_add(c_xdevicefamily="virtex...]
Compiling module unisims_ver.x_lut1_mux2
Compiling module unisims_ver.LUT1
Compiling architecture synth of entity xbip_pipe_v3_0_7.xbip_pipe_v3_0_7_viv [\xbip_pipe_v3_0_7_viv(c_latency=...]
Compiling architecture synth of entity xbip_pipe_v3_0_7.xbip_pipe_v3_0_7_viv [\xbip_pipe_v3_0_7_viv(c_has_ce=1...]
Compiling architecture rtl of entity floating_point_v7_1_16.delay [\delay(width=64,length=0)\]
Compiling architecture xilinx of entity floating_point_v7_1_16.floating_point_v7_1_16_viv [\floating_point_v7_1_16_viv(c_xd...]
Compiling architecture xilinx of entity floating_point_v7_1_16.floating_point_v7_1_16 [\floating_point_v7_1_16(c_xdevic...]
Compiling module xil_defaultlib.spmv_dadd_64ns_64ns_64_5_full_ds...
Compiling module xil_defaultlib.spmv_dadd_64ns_64ns_64_5_full_ds...
Compiling architecture dsp48e1_v of entity unisim.DSP48E1 [\DSP48E1(acascreg=0,adreg=0,alum...]
Compiling architecture rtl of entity floating_point_v7_1_16.dsp48e1_wrapper [\dsp48e1_wrapper(a_width=19,b_wi...]
Compiling architecture dsp48e1_v of entity unisim.DSP48E1 [\DSP48E1(acascreg=0,adreg=0,alum...]
Compiling architecture synth of entity xbip_pipe_v3_0_7.xbip_pipe_v3_0_7_viv [\xbip_pipe_v3_0_7_viv(c_has_ce=1...]
Compiling architecture rtl of entity floating_point_v7_1_16.delay [\delay(width=17,length=0)\]
Compiling architecture rtl of entity floating_point_v7_1_16.dsp48e1_wrapper [\dsp48e1_wrapper(a_width=17,b_wi...]
Compiling architecture dsp48e1_v of entity unisim.DSP48E1 [\DSP48E1(acascreg=0,adreg=0,alum...]
Compiling architecture rtl of entity floating_point_v7_1_16.dsp48e1_wrapper [\dsp48e1_wrapper(a_width=17,b_wi...]
Compiling architecture dsp48e1_v of entity unisim.DSP48E1 [\DSP48E1(acascreg=0,adreg=0,alum...]
Compiling architecture rtl of entity floating_point_v7_1_16.dsp48e1_wrapper [\dsp48e1_wrapper(a_width=17,b_wi...]
Compiling architecture dsp48e1_v of entity unisim.DSP48E1 [\DSP48E1(acascreg=0,adreg=0,alum...]
Compiling architecture rtl of entity floating_point_v7_1_16.dsp48e1_wrapper [\dsp48e1_wrapper(a_width=19,b_wi...]
Compiling architecture dsp48e1_v of entity unisim.DSP48E1 [\DSP48E1(adreg=0,alumodereg=0,ca...]
Compiling architecture rtl of entity floating_point_v7_1_16.dsp48e1_wrapper [\dsp48e1_wrapper(a_width=19,b_wi...]
Compiling architecture dsp48e1_v of entity unisim.DSP48E1 [\DSP48E1(acascreg=0,adreg=0,alum...]
Compiling architecture rtl of entity floating_point_v7_1_16.dsp48e1_wrapper [\dsp48e1_wrapper(a_width=19,b_wi...]
Compiling architecture dsp48e1_v of entity unisim.DSP48E1 [\DSP48E1(adreg=0,alumodereg=0,ca...]
Compiling architecture rtl of entity floating_point_v7_1_16.dsp48e1_wrapper [\dsp48e1_wrapper(a_width=19,b_wi...]
Compiling architecture synth of entity xbip_pipe_v3_0_7.xbip_pipe_v3_0_7_viv [\xbip_pipe_v3_0_7_viv(c_latency=...]
Compiling architecture rtl of entity floating_point_v7_1_16.delay [\delay(width=17)\]
Compiling architecture dsp48e1_v of entity unisim.DSP48E1 [\DSP48E1(acascreg=0,adreg=0,alum...]
Compiling architecture rtl of entity floating_point_v7_1_16.dsp48e1_wrapper [\dsp48e1_wrapper(a_width=19,b_wi...]
Compiling architecture struct of entity floating_point_v7_1_16.fix_mult_dsp48e1_dbl [\fix_mult_dsp48e1_dbl(mult_usage...]
Compiling architecture rtl of entity floating_point_v7_1_16.fix_mult [\fix_mult(c_xdevicefamily="virte...]
Compiling architecture struct of entity floating_point_v7_1_16.carry_chain [\carry_chain(c_xdevicefamily="vi...]
Compiling architecture struct of entity floating_point_v7_1_16.carry_chain [\carry_chain(c_xdevicefamily="vi...]
Compiling architecture synth of entity floating_point_v7_1_16.compare_eq_im [\compare_eq_im(c_xdevicefamily="...]
Compiling architecture rtl of entity floating_point_v7_1_16.special_detect [\special_detect(c_xdevicefamily=...]
Compiling architecture synth of entity xbip_pipe_v3_0_7.xbip_pipe_v3_0_7_viv [\xbip_pipe_v3_0_7_viv(c_latency=...]
Compiling architecture rtl of entity floating_point_v7_1_16.delay [\delay(width=4,length=2,fast_inp...]
Compiling architecture synth of entity xbip_pipe_v3_0_7.xbip_pipe_v3_0_7_viv [\xbip_pipe_v3_0_7_viv(c_latency=...]
Compiling architecture rtl of entity floating_point_v7_1_16.delay [\delay(width=11,length=2)\]
Compiling architecture rtl of entity floating_point_v7_1_16.flt_mult_exp [\flt_mult_exp(c_xdevicefamily="v...]
Compiling architecture synth of entity xbip_pipe_v3_0_7.xbip_pipe_v3_0_7_viv [\xbip_pipe_v3_0_7_viv(c_has_ce=1...]
Compiling architecture rtl of entity floating_point_v7_1_16.delay [\delay(width=54,length=0,fast_in...]
Compiling architecture struct of entity floating_point_v7_1_16.carry_chain [\carry_chain(c_xdevicefamily="vi...]
Compiling architecture rtl of entity floating_point_v7_1_16.flt_round_bit [\flt_round_bit(c_xdevicefamily="...]
Compiling architecture rtl of entity floating_point_v7_1_16.renorm_and_round_logic [\renorm_and_round_logic(c_xdevic...]
Compiling architecture rtl of entity floating_point_v7_1_16.flt_mult_round [\flt_mult_round(c_xdevicefamily=...]
Compiling architecture synth of entity floating_point_v7_1_16.flt_dec_op_lat [\flt_dec_op_lat(c_xdevicefamily=...]
Compiling architecture rtl of entity floating_point_v7_1_16.flt_mult [\flt_mult(c_xdevicefamily="virte...]
Compiling architecture xilinx of entity floating_point_v7_1_16.floating_point_v7_1_16_viv [\floating_point_v7_1_16_viv(c_xd...]
Compiling architecture xilinx of entity floating_point_v7_1_16.floating_point_v7_1_16 [\floating_point_v7_1_16(c_xdevic...]
Compiling module xil_defaultlib.spmv_dmul_64ns_64ns_64_5_max_dsp...
Compiling module xil_defaultlib.spmv_dmul_64ns_64ns_64_5_max_dsp...
Compiling module xil_defaultlib.spmv_flow_control_loop_pipe_sequ...
Compiling module xil_defaultlib.spmv_spmv_Pipeline_spmv_2
Compiling module xil_defaultlib.spmv
Compiling module xil_defaultlib.AESL_automem_val_r
Compiling module xil_defaultlib.AESL_automem_cols
Compiling module xil_defaultlib.AESL_automem_rowDelimiters
Compiling module xil_defaultlib.AESL_automem_vec
Compiling module xil_defaultlib.AESL_automem_out_r
Compiling module xil_defaultlib.nodf_module_intf
Compiling module xil_defaultlib.seq_loop_intf(FSM_WIDTH=5)
Compiling module xil_defaultlib.upc_loop_intf(FSM_WIDTH=4)
Compiling module xil_defaultlib.dataflow_monitor_1
Compiling module xil_defaultlib.apatb_spmv_top
Compiling module work.glbl
Built simulation snapshot spmv
