INFO-FLOW: Workspace /home/yzy/MachSuite/spmv/crs/spmv_syn/solution opened at Thu May 30 11:14:00 CST 2024
Execute     send_msg_by_id INFO @200-1505@%s%s default  vivado 
INFO: [HLS 200-1505] Using default flow_target 'vivado'
Execute   set_part virtex7 
INFO: [HLS 200-1510] Running: set_part virtex7 
Execute     create_platform virtex7 -board  
DBG:HLSDevice: Trying to load device library: /tools/Xilinx/Vitis_HLS/2023.2/lib/lnx64.o/libxv_hlsvwrap.so
DBG:HLSDevice: first parts/arch.xml in RDI_DATADIR: /tools/Xilinx/Vivado/2023.2/data/parts/arch.xml
DBG:HLSDevice: init success
INFO: [HLS 200-1611] Setting target device to 'xc7v585t-ffg1761-2'
Command     create_platform done; 1.02 sec.
Execute     source /tools/Xilinx/Vitis_HLS/2023.2/common/technology/xilinx/common/xilinx.gen 
Execute       source /tools/Xilinx/Vitis_HLS/2023.2/common/technology/xilinx/interface/plb46.gen 
Execute       source /tools/Xilinx/Vitis_HLS/2023.2/common/technology/xilinx/interface/axi4.gen 
Execute       source /tools/Xilinx/Vitis_HLS/2023.2/common/technology/xilinx/interface/nativeAXI4.gen 
Execute         source /tools/Xilinx/Vitis_HLS/2023.2/common/technology/xilinx/interface/saxilite.gen 
Execute       source /tools/Xilinx/Vitis_HLS/2023.2/common/technology/xilinx/scripts/xilinxcoregen.gen 
Execute       source /tools/Xilinx/Vitis_HLS/2023.2/common/technology/xilinx/interface/XilEDKCoreGen.gen 
Execute       source /tools/Xilinx/Vitis_HLS/2023.2/common/technology/xilinx/ip/xfir.gen 
Execute       source /tools/Xilinx/Vitis_HLS/2023.2/common/technology/xilinx/ip/xfft.gen 
Execute       source /tools/Xilinx/Vitis_HLS/2023.2/common/technology/xilinx/ip/dds_compiler.gen 
Execute       source /tools/Xilinx/Vitis_HLS/2023.2/common/technology/xilinx/ip/util.gen 
Execute       source /tools/Xilinx/Vitis_HLS/2023.2/common/technology/xilinx/DSP48/dsp48.gen 
Execute     ap_part_info -name xc7v585t-ffg1761-2 -data info 
Execute     config_compile -quiet -complex-mul-dsp=0 
Command   set_part done; 1.11 sec.
Execute   create_clock -period 10 
INFO: [HLS 200-1510] Running: create_clock -period 10 
Execute     ap_set_clock -name default -period 10 -default=false 
INFO: [SYN 201-201] Setting up clock 'default' with a period of 10ns.
Execute   source ./spmv_dir 
INFO: [HLS 200-1510] Running: source ./spmv_dir
Execute     set_directive_resource -core RAM_1P_BRAM spmv val 
INFO: [HLS 200-1510] Running: set_directive_resource -core RAM_1P_BRAM spmv val 
WARNING: [HLS 200-484] The 'set_directive_resource -core' command is deprecated and will be removed in a future release.
WARNING: [HLS 200-484] The 'set_directive_resource -location' command is deprecated and will be removed in a future release.
Execute     set_directive_resource -core RAM_1P_BRAM spmv cols 
INFO: [HLS 200-1510] Running: set_directive_resource -core RAM_1P_BRAM spmv cols 
WARNING: [HLS 200-484] The 'set_directive_resource -core' command is deprecated and will be removed in a future release.
WARNING: [HLS 200-484] The 'set_directive_resource -location' command is deprecated and will be removed in a future release.
Execute     set_directive_resource -core RAM_1P_BRAM spmv rowDelimiters 
INFO: [HLS 200-1510] Running: set_directive_resource -core RAM_1P_BRAM spmv rowDelimiters 
WARNING: [HLS 200-484] The 'set_directive_resource -core' command is deprecated and will be removed in a future release.
WARNING: [HLS 200-484] The 'set_directive_resource -location' command is deprecated and will be removed in a future release.
Execute     set_directive_resource -core RAM_1P_BRAM spmv vec 
INFO: [HLS 200-1510] Running: set_directive_resource -core RAM_1P_BRAM spmv vec 
WARNING: [HLS 200-484] The 'set_directive_resource -core' command is deprecated and will be removed in a future release.
WARNING: [HLS 200-484] The 'set_directive_resource -location' command is deprecated and will be removed in a future release.
Execute     set_directive_resource -core RAM_1P_BRAM spmv out 
INFO: [HLS 200-1510] Running: set_directive_resource -core RAM_1P_BRAM spmv out 
WARNING: [HLS 200-484] The 'set_directive_resource -core' command is deprecated and will be removed in a future release.
WARNING: [HLS 200-484] The 'set_directive_resource -location' command is deprecated and will be removed in a future release.
Execute     set_directive_pipeline spmv/spmv_2 
INFO: [HLS 200-1510] Running: set_directive_pipeline spmv/spmv_2 
Execute     set_directive_resource -core Mul spmv Si 
INFO: [HLS 200-1510] Running: set_directive_resource -core Mul spmv Si 
WARNING: [HLS 200-484] The 'set_directive_resource -core' command is deprecated and will be removed in a future release.
WARNING: [HLS 200-484] The 'set_directive_resource -location' command is deprecated and will be removed in a future release.
Execute   csynth_design 
INFO: [HLS 200-1510] Running: csynth_design 
INFO-FLOW: Running SLX 'csynth' proc: ::SLX::run_csynth
Execute     elaborate -effort=medium -skip_syncheck=0 -keep_printf=0 -skip_cdt=0 -skip_transform=0 -ng=0 -g=0 -opt_fp=0 -from_csynth_design=1 
WARNING: [HLS 200-40] Skipped source file 'check.data'. Source files must have extensions .c, .C, .cc, .cpp, .c++, .cp, or .cxx.
WARNING: [HLS 200-40] Skipped source file 'input.data'. Source files must have extensions .c, .C, .cc, .cpp, .c++, .cp, or .cxx.
INFO: [HLS 200-111] Finished File checks and directory preparation: CPU user time: 0.04 seconds. CPU system time: 0.01 seconds. Elapsed time: 0.06 seconds; current allocated memory: 264.172 MB.
Execute       set_directive_top spmv -name=spmv 
Execute       source /tools/Xilinx/Vitis_HLS/2023.2/tps/tcl/tcllib1.11.1/yaml/huddle.tcl 
Execute       source /tools/Xilinx/Vitis_HLS/2023.2/tps/tcl/tcllib1.11.1/yaml/json2huddle.tcl 
Execute         source /tools/Xilinx/Vitis_HLS/2023.2/tps/tcl/tcllib1.11.1/try/try.tcl 
INFO: [HLS 200-10] Analyzing design file 'local_support.c' ... 
INFO-FLOW: Compiling one TU...
INFO-FLOW: Handling local_support.c as C
Execute       ap_part_info -name xc7v585t-ffg1761-2 -data info 
INFO-FLOW: Running: GCC PP 39
INFO-FLOW: Source preprocessing
INFO-FLOW: run_clang exec: /tools/Xilinx/Vitis_HLS/2023.2/lnx64/tools/clang-3.9-csynth/bin/clang local_support.c -foptimization-record-file=/home/yzy/MachSuite/spmv/crs/spmv_syn/solution/.autopilot/db/local_support.c.clang.diag.yml -mllvm -pass-remarks-missed=reflow|pasta|unroll -mllvm -pass-remarks=reflow|pasta|unroll|inline -fno-limit-debug-info -gcc-toolchain /tools/Xilinx/Vitis_HLS/2023.2/tps/lnx64/gcc-8.3.0 -fhls -fno-exceptions -insert-hls-directive=/home/yzy/MachSuite/spmv/crs/spmv_syn/solution/.autopilot/db/all.directive.json -E -fno-math-errno -c -emit-llvm -mllvm -disable-llvm-optzns -Werror=implicit-function-declaration -Werror=implicit-hls-streams -Werror=return-type -Wpragmas -Wunused-parameter -Wdump-hls-pragmas -Wno-error=dump-hls-pragmas -hls-clock-period=10 -std=gnu99 -fgnu89-inline -target fpga64-xilinx-linux-gnu -D__VITIS_HLS__ -DAESL_SYN -D__SYNTHESIS__ -D__HLS_SYN__ -I /tools/Xilinx/Vitis_HLS/2023.2/common/technology/autopilot -I /tools/Xilinx/Vitis_HLS/2023.2/common/technology/autopilot/ap_sysc -include etc/autopilot_ssdm_op.h -D__DSP48E1__ -I /usr/include/x86_64-linux-gnu -o /home/yzy/MachSuite/spmv/crs/spmv_syn/solution/.autopilot/db/local_support.pp.0.c -hls-platform-db-name=/tools/Xilinx/Vitis_HLS/2023.2/common/technology/xilinx/common/platform.db -hls-platform-name=virtex7_medium -device-resource-info=BRAM_1590.000000_DSP_1260.000000_FF_728400.000000_LUT_364200.000000_SLICE_91050.000000_URAM_0.000000 -device-name-info=xc7v585tffg1761-2 > /home/yzy/MachSuite/spmv/crs/spmv_syn/solution/.autopilot/db/local_support.c.clang.out.log 2> /home/yzy/MachSuite/spmv/crs/spmv_syn/solution/.autopilot/db/local_support.c.clang.err.log
INFO-FLOW: Done: GCC PP 39 time: 0.2 seconds per iteration
INFO-FLOW: Source syntax check for synthesis
INFO-FLOW: run_clang exec: /tools/Xilinx/Vitis_HLS/2023.2/lnx64/tools/clang-3.9-csynth/bin/clang -foptimization-record-file=/home/yzy/MachSuite/spmv/crs/spmv_syn/solution/.autopilot/db/clang.diag.yml -mllvm -pass-remarks-missed=reflow|pasta|unroll -mllvm -pass-remarks=reflow|pasta|unroll|inline -fsyntax-only -fhls -target fpga64-xilinx-linux-gnu /home/yzy/MachSuite/spmv/crs/spmv_syn/solution/.autopilot/db/local_support.pp.0.c -hls-platform-db-name=/tools/Xilinx/Vitis_HLS/2023.2/common/technology/xilinx/common/platform.db -hls-platform-name=virtex7_medium -device-resource-info=BRAM_1590.000000_DSP_1260.000000_FF_728400.000000_LUT_364200.000000_SLICE_91050.000000_URAM_0.000000 -device-name-info=xc7v585tffg1761-2 > /home/yzy/MachSuite/spmv/crs/spmv_syn/solution/.autopilot/db/clang.out.log 2> /home/yzy/MachSuite/spmv/crs/spmv_syn/solution/.autopilot/db/clang.err.log
Execute       clang_tidy xilinx-systemc-detector -desc systemc-detector /home/yzy/MachSuite/spmv/crs/spmv_syn/solution/.autopilot/db/local_support.pp.0.c std=gnu99 -target fpga  -directive=/home/yzy/MachSuite/spmv/crs/spmv_syn/solution/.autopilot/db/.systemc_flag 
INFO-FLOW: exec /tools/Xilinx/Vitis_HLS/2023.2/lnx64/tools/clang-3.9-csynth/bin/clang-tidy -header-filter=.* --checks=-*,xilinx-systemc-detector -import-directive=/home/yzy/MachSuite/spmv/crs/spmv_syn/solution/.autopilot/db/.systemc_flag -fix-errors /home/yzy/MachSuite/spmv/crs/spmv_syn/solution/.autopilot/db/local_support.pp.0.c -- -std=gnu99 -target fpga -fhls -ferror-limit=0
INFO-FLOW: Running: clang-tidy CDT preprocess 39
Execute       clang_tidy xilinx-directive2pragma -desc directive2pragma /home/yzy/MachSuite/spmv/crs/spmv_syn/solution/.autopilot/db/local_support.pp.0.c std=gnu99 -target fpga  -directive=/home/yzy/MachSuite/spmv/crs/spmv_syn/solution/.autopilot/db/all.directive.json 
INFO-FLOW: exec /tools/Xilinx/Vitis_HLS/2023.2/lnx64/tools/clang-3.9-csynth/bin/clang-tidy -header-filter=.* --checks=-*,xilinx-directive2pragma -import-directive=/home/yzy/MachSuite/spmv/crs/spmv_syn/solution/.autopilot/db/all.directive.json -fix-errors /home/yzy/MachSuite/spmv/crs/spmv_syn/solution/.autopilot/db/local_support.pp.0.c -- -std=gnu99 -target fpga -fhls -ferror-limit=0
INFO-FLOW: Done: clang-tidy CDT preprocess 39 time: 0.1 seconds per iteration
INFO-FLOW: Calling xilinx-label-all-loops ... 
INFO-FLOW: Calling xilinx-aggregate-on-hls-vector ... 
Execute       clang_tidy -errorcheck -desc loop-label xilinx-label-all-loops,xilinx-aggregate-on-hls-vector,,xilinx-warn-mayneed-no-ctor-attribute /home/yzy/MachSuite/spmv/crs/spmv_syn/solution/.autopilot/db/local_support.pp.0.c std=gnu99 -target fpga  
INFO-FLOW: run_clang exec: /tools/Xilinx/Vitis_HLS/2023.2/lnx64/tools/clang-3.9-csynth/bin/clang-tidy -export-fixes=/home/yzy/MachSuite/spmv/crs/spmv_syn/solution/.autopilot/db/local_support.pp.0.c.clang-tidy.loop-label.diag.yml -header-filter=.* --checks=-*,xilinx-label-all-loops,xilinx-aggregate-on-hls-vector,,xilinx-warn-mayneed-no-ctor-attribute -fix-errors /home/yzy/MachSuite/spmv/crs/spmv_syn/solution/.autopilot/db/local_support.pp.0.c -- -std=gnu99 -target fpga -fhls -ferror-limit=0 > /home/yzy/MachSuite/spmv/crs/spmv_syn/solution/.autopilot/db/local_support.pp.0.c.clang-tidy.loop-label.out.log 2> /home/yzy/MachSuite/spmv/crs/spmv_syn/solution/.autopilot/db/local_support.pp.0.c.clang-tidy.loop-label.err.log
Execute         source /tools/Xilinx/Vitis_HLS/2023.2/tps/tcl/tcllib1.11.1/yaml/yaml.tcl 
Command       clang_tidy done; 0.11 sec.
INFO-FLOW: run_clang exec: /tools/Xilinx/Vitis_HLS/2023.2/lnx64/tools/clang-3.9-csynth/bin/xilinx-dataflow-lawyer -export-fixes=/home/yzy/MachSuite/spmv/crs/spmv_syn/solution/.autopilot/db/local_support.pp.0.c.xilinx-dataflow-lawyer.diag.yml /home/yzy/MachSuite/spmv/crs/spmv_syn/solution/.autopilot/db/local_support.pp.0.c -- -std=gnu99 -target fpga -fhls -ferror-limit=0 -fstrict-dataflow > /home/yzy/MachSuite/spmv/crs/spmv_syn/solution/.autopilot/db/local_support.pp.0.c.xilinx-dataflow-lawyer.out.log 2> /home/yzy/MachSuite/spmv/crs/spmv_syn/solution/.autopilot/db/local_support.pp.0.c.xilinx-dataflow-lawyer.err.log
Execute       ap_part_info -name xc7v585t-ffg1761-2 -data info 
INFO-FLOW: compiling source code to llvm bc
INFO-FLOW: run_clang exec: /tools/Xilinx/Vitis_HLS/2023.2/lnx64/tools/clang-3.9-csynth/bin/clang -foptimization-record-file=/home/yzy/MachSuite/spmv/crs/spmv_syn/solution/.autopilot/db/local_support.pp.0.c.clang.diag.yml -mllvm -pass-remarks-missed=reflow|pasta|unroll -mllvm -pass-remarks=reflow|pasta|unroll|inline -fno-limit-debug-info -fhls -flto -fno-exceptions -Wno-error=c++11-narrowing -hls-emit-hint-scope /home/yzy/MachSuite/spmv/crs/spmv_syn/solution/.autopilot/db/local_support.pp.0.c -fno-math-errno -c -emit-llvm -mllvm -disable-llvm-optzns -Werror=implicit-function-declaration -Werror=implicit-hls-streams -Werror=return-type -Wpragmas -Wunused-parameter -Wdump-hls-pragmas -Wno-error=dump-hls-pragmas -hls-clock-period=10 -std=gnu99 -fgnu89-inline -target fpga64-xilinx-linux-gnu -D__VITIS_HLS__ -DAESL_SYN -D__SYNTHESIS__ -D__HLS_SYN__ -I /tools/Xilinx/Vitis_HLS/2023.2/common/technology/autopilot -I /tools/Xilinx/Vitis_HLS/2023.2/common/technology/autopilot/ap_sysc -include etc/autopilot_ssdm_op.h -D__DSP48E1__ -g -o /home/yzy/MachSuite/spmv/crs/spmv_syn/solution/.autopilot/db/local_support.bc -hls-platform-db-name=/tools/Xilinx/Vitis_HLS/2023.2/common/technology/xilinx/common/platform.db -hls-platform-name=virtex7_medium -device-resource-info=BRAM_1590.000000_DSP_1260.000000_FF_728400.000000_LUT_364200.000000_SLICE_91050.000000_URAM_0.000000 -device-name-info=xc7v585tffg1761-2 > /home/yzy/MachSuite/spmv/crs/spmv_syn/solution/.autopilot/db/local_support.pp.0.c.clang.out.log 2> /home/yzy/MachSuite/spmv/crs/spmv_syn/solution/.autopilot/db/local_support.pp.0.c.clang.err.log
INFO: [HLS 200-10] Analyzing design file 'support.c' ... 
INFO-FLOW: Compiling one TU...
INFO-FLOW: Handling support.c as C
Execute       ap_part_info -name xc7v585t-ffg1761-2 -data info 
INFO-FLOW: Running: GCC PP 39
INFO-FLOW: Source preprocessing
INFO-FLOW: run_clang exec: /tools/Xilinx/Vitis_HLS/2023.2/lnx64/tools/clang-3.9-csynth/bin/clang support.c -foptimization-record-file=/home/yzy/MachSuite/spmv/crs/spmv_syn/solution/.autopilot/db/support.c.clang.diag.yml -mllvm -pass-remarks-missed=reflow|pasta|unroll -mllvm -pass-remarks=reflow|pasta|unroll|inline -fno-limit-debug-info -gcc-toolchain /tools/Xilinx/Vitis_HLS/2023.2/tps/lnx64/gcc-8.3.0 -fhls -fno-exceptions -insert-hls-directive=/home/yzy/MachSuite/spmv/crs/spmv_syn/solution/.autopilot/db/all.directive.json -E -fno-math-errno -c -emit-llvm -mllvm -disable-llvm-optzns -Werror=implicit-function-declaration -Werror=implicit-hls-streams -Werror=return-type -Wpragmas -Wunused-parameter -Wdump-hls-pragmas -Wno-error=dump-hls-pragmas -hls-clock-period=10 -std=gnu99 -fgnu89-inline -target fpga64-xilinx-linux-gnu -D__VITIS_HLS__ -DAESL_SYN -D__SYNTHESIS__ -D__HLS_SYN__ -I /tools/Xilinx/Vitis_HLS/2023.2/common/technology/autopilot -I /tools/Xilinx/Vitis_HLS/2023.2/common/technology/autopilot/ap_sysc -include etc/autopilot_ssdm_op.h -D__DSP48E1__ -I /usr/include/x86_64-linux-gnu -o /home/yzy/MachSuite/spmv/crs/spmv_syn/solution/.autopilot/db/support.pp.0.c -hls-platform-db-name=/tools/Xilinx/Vitis_HLS/2023.2/common/technology/xilinx/common/platform.db -hls-platform-name=virtex7_medium -device-resource-info=BRAM_1590.000000_DSP_1260.000000_FF_728400.000000_LUT_364200.000000_SLICE_91050.000000_URAM_0.000000 -device-name-info=xc7v585tffg1761-2 > /home/yzy/MachSuite/spmv/crs/spmv_syn/solution/.autopilot/db/support.c.clang.out.log 2> /home/yzy/MachSuite/spmv/crs/spmv_syn/solution/.autopilot/db/support.c.clang.err.log
INFO-FLOW: Done: GCC PP 39 time: 0.1 seconds per iteration
INFO-FLOW: Source syntax check for synthesis
INFO-FLOW: run_clang exec: /tools/Xilinx/Vitis_HLS/2023.2/lnx64/tools/clang-3.9-csynth/bin/clang -foptimization-record-file=/home/yzy/MachSuite/spmv/crs/spmv_syn/solution/.autopilot/db/clang.diag.yml -mllvm -pass-remarks-missed=reflow|pasta|unroll -mllvm -pass-remarks=reflow|pasta|unroll|inline -fsyntax-only -fhls -target fpga64-xilinx-linux-gnu /home/yzy/MachSuite/spmv/crs/spmv_syn/solution/.autopilot/db/support.pp.0.c -hls-platform-db-name=/tools/Xilinx/Vitis_HLS/2023.2/common/technology/xilinx/common/platform.db -hls-platform-name=virtex7_medium -device-resource-info=BRAM_1590.000000_DSP_1260.000000_FF_728400.000000_LUT_364200.000000_SLICE_91050.000000_URAM_0.000000 -device-name-info=xc7v585tffg1761-2 > /home/yzy/MachSuite/spmv/crs/spmv_syn/solution/.autopilot/db/clang.out.log 2> /home/yzy/MachSuite/spmv/crs/spmv_syn/solution/.autopilot/db/clang.err.log
Execute       clang_tidy xilinx-systemc-detector -desc systemc-detector /home/yzy/MachSuite/spmv/crs/spmv_syn/solution/.autopilot/db/support.pp.0.c std=gnu99 -target fpga  -directive=/home/yzy/MachSuite/spmv/crs/spmv_syn/solution/.autopilot/db/.systemc_flag 
INFO-FLOW: exec /tools/Xilinx/Vitis_HLS/2023.2/lnx64/tools/clang-3.9-csynth/bin/clang-tidy -header-filter=.* --checks=-*,xilinx-systemc-detector -import-directive=/home/yzy/MachSuite/spmv/crs/spmv_syn/solution/.autopilot/db/.systemc_flag -fix-errors /home/yzy/MachSuite/spmv/crs/spmv_syn/solution/.autopilot/db/support.pp.0.c -- -std=gnu99 -target fpga -fhls -ferror-limit=0
INFO-FLOW: Running: clang-tidy CDT preprocess 39
Execute       clang_tidy xilinx-directive2pragma -desc directive2pragma /home/yzy/MachSuite/spmv/crs/spmv_syn/solution/.autopilot/db/support.pp.0.c std=gnu99 -target fpga  -directive=/home/yzy/MachSuite/spmv/crs/spmv_syn/solution/.autopilot/db/all.directive.json 
INFO-FLOW: exec /tools/Xilinx/Vitis_HLS/2023.2/lnx64/tools/clang-3.9-csynth/bin/clang-tidy -header-filter=.* --checks=-*,xilinx-directive2pragma -import-directive=/home/yzy/MachSuite/spmv/crs/spmv_syn/solution/.autopilot/db/all.directive.json -fix-errors /home/yzy/MachSuite/spmv/crs/spmv_syn/solution/.autopilot/db/support.pp.0.c -- -std=gnu99 -target fpga -fhls -ferror-limit=0
INFO-FLOW: Done: clang-tidy CDT preprocess 39 time: 0 seconds per iteration
INFO-FLOW: Calling xilinx-label-all-loops ... 
INFO-FLOW: Calling xilinx-aggregate-on-hls-vector ... 
Execute       clang_tidy -errorcheck -desc loop-label xilinx-label-all-loops,xilinx-aggregate-on-hls-vector,,xilinx-warn-mayneed-no-ctor-attribute /home/yzy/MachSuite/spmv/crs/spmv_syn/solution/.autopilot/db/support.pp.0.c std=gnu99 -target fpga  
INFO-FLOW: run_clang exec: /tools/Xilinx/Vitis_HLS/2023.2/lnx64/tools/clang-3.9-csynth/bin/clang-tidy -export-fixes=/home/yzy/MachSuite/spmv/crs/spmv_syn/solution/.autopilot/db/support.pp.0.c.clang-tidy.loop-label.diag.yml -header-filter=.* --checks=-*,xilinx-label-all-loops,xilinx-aggregate-on-hls-vector,,xilinx-warn-mayneed-no-ctor-attribute -fix-errors /home/yzy/MachSuite/spmv/crs/spmv_syn/solution/.autopilot/db/support.pp.0.c -- -std=gnu99 -target fpga -fhls -ferror-limit=0 > /home/yzy/MachSuite/spmv/crs/spmv_syn/solution/.autopilot/db/support.pp.0.c.clang-tidy.loop-label.out.log 2> /home/yzy/MachSuite/spmv/crs/spmv_syn/solution/.autopilot/db/support.pp.0.c.clang-tidy.loop-label.err.log
Command       clang_tidy done; 0.11 sec.
INFO-FLOW: run_clang exec: /tools/Xilinx/Vitis_HLS/2023.2/lnx64/tools/clang-3.9-csynth/bin/xilinx-dataflow-lawyer -export-fixes=/home/yzy/MachSuite/spmv/crs/spmv_syn/solution/.autopilot/db/support.pp.0.c.xilinx-dataflow-lawyer.diag.yml /home/yzy/MachSuite/spmv/crs/spmv_syn/solution/.autopilot/db/support.pp.0.c -- -std=gnu99 -target fpga -fhls -ferror-limit=0 -fstrict-dataflow > /home/yzy/MachSuite/spmv/crs/spmv_syn/solution/.autopilot/db/support.pp.0.c.xilinx-dataflow-lawyer.out.log 2> /home/yzy/MachSuite/spmv/crs/spmv_syn/solution/.autopilot/db/support.pp.0.c.xilinx-dataflow-lawyer.err.log
Execute       ap_part_info -name xc7v585t-ffg1761-2 -data info 
INFO-FLOW: compiling source code to llvm bc
INFO-FLOW: run_clang exec: /tools/Xilinx/Vitis_HLS/2023.2/lnx64/tools/clang-3.9-csynth/bin/clang -foptimization-record-file=/home/yzy/MachSuite/spmv/crs/spmv_syn/solution/.autopilot/db/support.pp.0.c.clang.diag.yml -mllvm -pass-remarks-missed=reflow|pasta|unroll -mllvm -pass-remarks=reflow|pasta|unroll|inline -fno-limit-debug-info -fhls -flto -fno-exceptions -Wno-error=c++11-narrowing -hls-emit-hint-scope /home/yzy/MachSuite/spmv/crs/spmv_syn/solution/.autopilot/db/support.pp.0.c -fno-math-errno -c -emit-llvm -mllvm -disable-llvm-optzns -Werror=implicit-function-declaration -Werror=implicit-hls-streams -Werror=return-type -Wpragmas -Wunused-parameter -Wdump-hls-pragmas -Wno-error=dump-hls-pragmas -hls-clock-period=10 -std=gnu99 -fgnu89-inline -target fpga64-xilinx-linux-gnu -D__VITIS_HLS__ -DAESL_SYN -D__SYNTHESIS__ -D__HLS_SYN__ -I /tools/Xilinx/Vitis_HLS/2023.2/common/technology/autopilot -I /tools/Xilinx/Vitis_HLS/2023.2/common/technology/autopilot/ap_sysc -include etc/autopilot_ssdm_op.h -D__DSP48E1__ -g -o /home/yzy/MachSuite/spmv/crs/spmv_syn/solution/.autopilot/db/support.bc -hls-platform-db-name=/tools/Xilinx/Vitis_HLS/2023.2/common/technology/xilinx/common/platform.db -hls-platform-name=virtex7_medium -device-resource-info=BRAM_1590.000000_DSP_1260.000000_FF_728400.000000_LUT_364200.000000_SLICE_91050.000000_URAM_0.000000 -device-name-info=xc7v585tffg1761-2 > /home/yzy/MachSuite/spmv/crs/spmv_syn/solution/.autopilot/db/support.pp.0.c.clang.out.log 2> /home/yzy/MachSuite/spmv/crs/spmv_syn/solution/.autopilot/db/support.pp.0.c.clang.err.log
INFO: [HLS 200-10] Analyzing design file 'spmv.c' ... 
INFO-FLOW: Compiling one TU...
INFO-FLOW: Handling spmv.c as C
Execute       ap_part_info -name xc7v585t-ffg1761-2 -data info 
INFO-FLOW: Running: GCC PP 39
INFO-FLOW: Source preprocessing
INFO-FLOW: run_clang exec: /tools/Xilinx/Vitis_HLS/2023.2/lnx64/tools/clang-3.9-csynth/bin/clang spmv.c -foptimization-record-file=/home/yzy/MachSuite/spmv/crs/spmv_syn/solution/.autopilot/db/spmv.c.clang.diag.yml -mllvm -pass-remarks-missed=reflow|pasta|unroll -mllvm -pass-remarks=reflow|pasta|unroll|inline -fno-limit-debug-info -gcc-toolchain /tools/Xilinx/Vitis_HLS/2023.2/tps/lnx64/gcc-8.3.0 -fhls -fno-exceptions -insert-hls-directive=/home/yzy/MachSuite/spmv/crs/spmv_syn/solution/.autopilot/db/all.directive.json -E -fno-math-errno -c -emit-llvm -mllvm -disable-llvm-optzns -Werror=implicit-function-declaration -Werror=implicit-hls-streams -Werror=return-type -Wpragmas -Wunused-parameter -Wdump-hls-pragmas -Wno-error=dump-hls-pragmas -hls-clock-period=10 -std=gnu99 -fgnu89-inline -target fpga64-xilinx-linux-gnu -D__VITIS_HLS__ -DAESL_SYN -D__SYNTHESIS__ -D__HLS_SYN__ -I /tools/Xilinx/Vitis_HLS/2023.2/common/technology/autopilot -I /tools/Xilinx/Vitis_HLS/2023.2/common/technology/autopilot/ap_sysc -include etc/autopilot_ssdm_op.h -D__DSP48E1__ -I /usr/include/x86_64-linux-gnu -o /home/yzy/MachSuite/spmv/crs/spmv_syn/solution/.autopilot/db/spmv.pp.0.c -hls-platform-db-name=/tools/Xilinx/Vitis_HLS/2023.2/common/technology/xilinx/common/platform.db -hls-platform-name=virtex7_medium -device-resource-info=BRAM_1590.000000_DSP_1260.000000_FF_728400.000000_LUT_364200.000000_SLICE_91050.000000_URAM_0.000000 -device-name-info=xc7v585tffg1761-2 > /home/yzy/MachSuite/spmv/crs/spmv_syn/solution/.autopilot/db/spmv.c.clang.out.log 2> /home/yzy/MachSuite/spmv/crs/spmv_syn/solution/.autopilot/db/spmv.c.clang.err.log
INFO-FLOW: Done: GCC PP 39 time: 0.1 seconds per iteration
INFO-FLOW: Source syntax check for synthesis
INFO-FLOW: run_clang exec: /tools/Xilinx/Vitis_HLS/2023.2/lnx64/tools/clang-3.9-csynth/bin/clang -foptimization-record-file=/home/yzy/MachSuite/spmv/crs/spmv_syn/solution/.autopilot/db/clang.diag.yml -mllvm -pass-remarks-missed=reflow|pasta|unroll -mllvm -pass-remarks=reflow|pasta|unroll|inline -fsyntax-only -fhls -target fpga64-xilinx-linux-gnu /home/yzy/MachSuite/spmv/crs/spmv_syn/solution/.autopilot/db/spmv.pp.0.c -hls-platform-db-name=/tools/Xilinx/Vitis_HLS/2023.2/common/technology/xilinx/common/platform.db -hls-platform-name=virtex7_medium -device-resource-info=BRAM_1590.000000_DSP_1260.000000_FF_728400.000000_LUT_364200.000000_SLICE_91050.000000_URAM_0.000000 -device-name-info=xc7v585tffg1761-2 > /home/yzy/MachSuite/spmv/crs/spmv_syn/solution/.autopilot/db/clang.out.log 2> /home/yzy/MachSuite/spmv/crs/spmv_syn/solution/.autopilot/db/clang.err.log
Execute       clang_tidy xilinx-systemc-detector -desc systemc-detector /home/yzy/MachSuite/spmv/crs/spmv_syn/solution/.autopilot/db/spmv.pp.0.c std=gnu99 -target fpga  -directive=/home/yzy/MachSuite/spmv/crs/spmv_syn/solution/.autopilot/db/.systemc_flag 
INFO-FLOW: exec /tools/Xilinx/Vitis_HLS/2023.2/lnx64/tools/clang-3.9-csynth/bin/clang-tidy -header-filter=.* --checks=-*,xilinx-systemc-detector -import-directive=/home/yzy/MachSuite/spmv/crs/spmv_syn/solution/.autopilot/db/.systemc_flag -fix-errors /home/yzy/MachSuite/spmv/crs/spmv_syn/solution/.autopilot/db/spmv.pp.0.c -- -std=gnu99 -target fpga -fhls -ferror-limit=0
INFO-FLOW: Running: clang-tidy CDT preprocess 39
Execute       clang_tidy xilinx-directive2pragma -desc directive2pragma /home/yzy/MachSuite/spmv/crs/spmv_syn/solution/.autopilot/db/spmv.pp.0.c std=gnu99 -target fpga  -directive=/home/yzy/MachSuite/spmv/crs/spmv_syn/solution/.autopilot/db/all.directive.json 
INFO-FLOW: exec /tools/Xilinx/Vitis_HLS/2023.2/lnx64/tools/clang-3.9-csynth/bin/clang-tidy -header-filter=.* --checks=-*,xilinx-directive2pragma -import-directive=/home/yzy/MachSuite/spmv/crs/spmv_syn/solution/.autopilot/db/all.directive.json -fix-errors /home/yzy/MachSuite/spmv/crs/spmv_syn/solution/.autopilot/db/spmv.pp.0.c -- -std=gnu99 -target fpga -fhls -ferror-limit=0
INFO-FLOW: Done: clang-tidy CDT preprocess 39 time: 0 seconds per iteration
INFO-FLOW: Calling xilinx-label-all-loops ... 
INFO-FLOW: Calling xilinx-aggregate-on-hls-vector ... 
Execute       clang_tidy -errorcheck -desc loop-label xilinx-label-all-loops,xilinx-aggregate-on-hls-vector,,xilinx-warn-mayneed-no-ctor-attribute /home/yzy/MachSuite/spmv/crs/spmv_syn/solution/.autopilot/db/spmv.pp.0.c std=gnu99 -target fpga  
INFO-FLOW: run_clang exec: /tools/Xilinx/Vitis_HLS/2023.2/lnx64/tools/clang-3.9-csynth/bin/clang-tidy -export-fixes=/home/yzy/MachSuite/spmv/crs/spmv_syn/solution/.autopilot/db/spmv.pp.0.c.clang-tidy.loop-label.diag.yml -header-filter=.* --checks=-*,xilinx-label-all-loops,xilinx-aggregate-on-hls-vector,,xilinx-warn-mayneed-no-ctor-attribute -fix-errors /home/yzy/MachSuite/spmv/crs/spmv_syn/solution/.autopilot/db/spmv.pp.0.c -- -std=gnu99 -target fpga -fhls -ferror-limit=0 > /home/yzy/MachSuite/spmv/crs/spmv_syn/solution/.autopilot/db/spmv.pp.0.c.clang-tidy.loop-label.out.log 2> /home/yzy/MachSuite/spmv/crs/spmv_syn/solution/.autopilot/db/spmv.pp.0.c.clang-tidy.loop-label.err.log
INFO-FLOW: run_clang exec: /tools/Xilinx/Vitis_HLS/2023.2/lnx64/tools/clang-3.9-csynth/bin/xilinx-dataflow-lawyer -export-fixes=/home/yzy/MachSuite/spmv/crs/spmv_syn/solution/.autopilot/db/spmv.pp.0.c.xilinx-dataflow-lawyer.diag.yml /home/yzy/MachSuite/spmv/crs/spmv_syn/solution/.autopilot/db/spmv.pp.0.c -- -std=gnu99 -target fpga -fhls -ferror-limit=0 -fstrict-dataflow > /home/yzy/MachSuite/spmv/crs/spmv_syn/solution/.autopilot/db/spmv.pp.0.c.xilinx-dataflow-lawyer.out.log 2> /home/yzy/MachSuite/spmv/crs/spmv_syn/solution/.autopilot/db/spmv.pp.0.c.xilinx-dataflow-lawyer.err.log
Execute       ap_part_info -name xc7v585t-ffg1761-2 -data info 
INFO-FLOW: compiling source code to llvm bc
INFO-FLOW: run_clang exec: /tools/Xilinx/Vitis_HLS/2023.2/lnx64/tools/clang-3.9-csynth/bin/clang -foptimization-record-file=/home/yzy/MachSuite/spmv/crs/spmv_syn/solution/.autopilot/db/spmv.pp.0.c.clang.diag.yml -mllvm -pass-remarks-missed=reflow|pasta|unroll -mllvm -pass-remarks=reflow|pasta|unroll|inline -fno-limit-debug-info -fhls -flto -fno-exceptions -Wno-error=c++11-narrowing -hls-emit-hint-scope /home/yzy/MachSuite/spmv/crs/spmv_syn/solution/.autopilot/db/spmv.pp.0.c -fno-math-errno -c -emit-llvm -mllvm -disable-llvm-optzns -Werror=implicit-function-declaration -Werror=implicit-hls-streams -Werror=return-type -Wpragmas -Wunused-parameter -Wdump-hls-pragmas -Wno-error=dump-hls-pragmas -hls-clock-period=10 -std=gnu99 -fgnu89-inline -target fpga64-xilinx-linux-gnu -D__VITIS_HLS__ -DAESL_SYN -D__SYNTHESIS__ -D__HLS_SYN__ -I /tools/Xilinx/Vitis_HLS/2023.2/common/technology/autopilot -I /tools/Xilinx/Vitis_HLS/2023.2/common/technology/autopilot/ap_sysc -include etc/autopilot_ssdm_op.h -D__DSP48E1__ -g -o /home/yzy/MachSuite/spmv/crs/spmv_syn/solution/.autopilot/db/spmv.bc -hls-platform-db-name=/tools/Xilinx/Vitis_HLS/2023.2/common/technology/xilinx/common/platform.db -hls-platform-name=virtex7_medium -device-resource-info=BRAM_1590.000000_DSP_1260.000000_FF_728400.000000_LUT_364200.000000_SLICE_91050.000000_URAM_0.000000 -device-name-info=xc7v585tffg1761-2 > /home/yzy/MachSuite/spmv/crs/spmv_syn/solution/.autopilot/db/spmv.pp.0.c.clang.out.log 2> /home/yzy/MachSuite/spmv/crs/spmv_syn/solution/.autopilot/db/spmv.pp.0.c.clang.err.log
WARNING: [HLS 207-5536] 'Resource pragma' is deprecated, use 'bind_op/bind_storage pragma' instead (/home/yzy/MachSuite/spmv/crs/spmv_dir:1:9)
WARNING: [HLS 207-5536] 'Resource pragma' is deprecated, use 'bind_op/bind_storage pragma' instead (/home/yzy/MachSuite/spmv/crs/spmv_dir:2:9)
WARNING: [HLS 207-5536] 'Resource pragma' is deprecated, use 'bind_op/bind_storage pragma' instead (/home/yzy/MachSuite/spmv/crs/spmv_dir:3:9)
WARNING: [HLS 207-5536] 'Resource pragma' is deprecated, use 'bind_op/bind_storage pragma' instead (/home/yzy/MachSuite/spmv/crs/spmv_dir:4:9)
WARNING: [HLS 207-5536] 'Resource pragma' is deprecated, use 'bind_op/bind_storage pragma' instead (/home/yzy/MachSuite/spmv/crs/spmv_dir:5:9)
WARNING: [HLS 207-5536] 'Resource pragma' is deprecated, use 'bind_op/bind_storage pragma' instead (/home/yzy/MachSuite/spmv/crs/spmv_dir:18:9)
Execute       send_msg_by_id WARNING @200-1986@%s%s RESOURCE /home/yzy/MachSuite/spmv/crs/spmv_dir:18 
WARNING: [HLS 200-1986] Could not apply RESOURCE directive, invalid function, label, or variable (/home/yzy/MachSuite/spmv/crs/spmv_dir:18)
INFO: [HLS 200-111] Finished Source Code Analysis and Preprocessing: CPU user time: 0.69 seconds. CPU system time: 0.46 seconds. Elapsed time: 1.72 seconds; current allocated memory: 267.000 MB.
INFO-FLOW: Linking Debug ...
INFO-FLOW: Linking dut bc code.
Execute       run_link_or_opt -out /home/yzy/MachSuite/spmv/crs/spmv_syn/solution/.autopilot/db/a.g.ld.0.bc -args  "/home/yzy/MachSuite/spmv/crs/spmv_syn/solution/.autopilot/db/local_support.g.bc" "/home/yzy/MachSuite/spmv/crs/spmv_syn/solution/.autopilot/db/support.g.bc" "/home/yzy/MachSuite/spmv/crs/spmv_syn/solution/.autopilot/db/spmv.g.bc"  
INFO-FLOW: run_clang exec: /tools/Xilinx/Vitis_HLS/2023.2/lnx64/tools/clang-3.9-csynth/bin/llvm-link /home/yzy/MachSuite/spmv/crs/spmv_syn/solution/.autopilot/db/local_support.g.bc /home/yzy/MachSuite/spmv/crs/spmv_syn/solution/.autopilot/db/support.g.bc /home/yzy/MachSuite/spmv/crs/spmv_syn/solution/.autopilot/db/spmv.g.bc -o /home/yzy/MachSuite/spmv/crs/spmv_syn/solution/.autopilot/db/a.g.ld.0.bc > /home/yzy/MachSuite/spmv/crs/spmv_syn/solution/.autopilot/db/a.g.ld.0.bc.llvm-link.out.log 2> /home/yzy/MachSuite/spmv/crs/spmv_syn/solution/.autopilot/db/a.g.ld.0.bc.llvm-link.err.log
INFO-FLOW: 
Execute       run_link_or_opt -opt -out /home/yzy/MachSuite/spmv/crs/spmv_syn/solution/.autopilot/db/a.g.ld.1.lower.bc -args /home/yzy/MachSuite/spmv/crs/spmv_syn/solution/.autopilot/db/a.g.ld.0.bc -reflow-lower-math-intrinsics 
INFO-FLOW: run_clang exec: /tools/Xilinx/Vitis_HLS/2023.2/lnx64/tools/clang-3.9-csynth/bin/opt -pass-remarks-missed=reflow|pasta|unroll -pass-remarks=reflow|pasta|unroll|inline -pass-remarks-output=/home/yzy/MachSuite/spmv/crs/spmv_syn/solution/.autopilot/db/a.g.ld.1.lower.bc.opt.diag.yml /home/yzy/MachSuite/spmv/crs/spmv_syn/solution/.autopilot/db/a.g.ld.0.bc -reflow-lower-math-intrinsics -o /home/yzy/MachSuite/spmv/crs/spmv_syn/solution/.autopilot/db/a.g.ld.1.lower.bc > /home/yzy/MachSuite/spmv/crs/spmv_syn/solution/.autopilot/db/a.g.ld.1.lower.bc.opt.out.log 2> /home/yzy/MachSuite/spmv/crs/spmv_syn/solution/.autopilot/db/a.g.ld.1.lower.bc.opt.err.log
INFO-FLOW: 
INFO-FLOW: Running: gen_design_size_report post-opt
INFO-FLOW: Done: gen_design_size_report post-opt time: 0 seconds per iteration
INFO-FLOW: Linking math bc lib
Execute       run_link_or_opt -out /home/yzy/MachSuite/spmv/crs/spmv_syn/solution/.autopilot/db/a.g.ld.2.m1.bc -args /home/yzy/MachSuite/spmv/crs/spmv_syn/solution/.autopilot/db/a.g.ld.1.lower.bc -only-needed /tools/Xilinx/Vitis_HLS/2023.2/lnx64/lib/libhlsm_39.bc /tools/Xilinx/Vitis_HLS/2023.2/lnx64/lib/libhlsmc++_39.bc 
INFO-FLOW: run_clang exec: /tools/Xilinx/Vitis_HLS/2023.2/lnx64/tools/clang-3.9-csynth/bin/llvm-link /home/yzy/MachSuite/spmv/crs/spmv_syn/solution/.autopilot/db/a.g.ld.1.lower.bc -only-needed /tools/Xilinx/Vitis_HLS/2023.2/lnx64/lib/libhlsm_39.bc /tools/Xilinx/Vitis_HLS/2023.2/lnx64/lib/libhlsmc++_39.bc -o /home/yzy/MachSuite/spmv/crs/spmv_syn/solution/.autopilot/db/a.g.ld.2.m1.bc > /home/yzy/MachSuite/spmv/crs/spmv_syn/solution/.autopilot/db/a.g.ld.2.m1.bc.llvm-link.out.log 2> /home/yzy/MachSuite/spmv/crs/spmv_syn/solution/.autopilot/db/a.g.ld.2.m1.bc.llvm-link.err.log
INFO-FLOW: 
Command       run_link_or_opt done; 1.2 sec.
Execute       run_link_or_opt -opt -out /home/yzy/MachSuite/spmv/crs/spmv_syn/solution/.autopilot/db/a.g.ld.3.fpc.bc -args /home/yzy/MachSuite/spmv/crs/spmv_syn/solution/.autopilot/db/a.g.ld.2.m1.bc -reflow-globaldce -hls-top-function-name=spmv -reflow-float-conversion 
INFO-FLOW: run_clang exec: /tools/Xilinx/Vitis_HLS/2023.2/lnx64/tools/clang-3.9-csynth/bin/opt -pass-remarks-missed=reflow|pasta|unroll -pass-remarks=reflow|pasta|unroll|inline -pass-remarks-output=/home/yzy/MachSuite/spmv/crs/spmv_syn/solution/.autopilot/db/a.g.ld.3.fpc.bc.opt.diag.yml /home/yzy/MachSuite/spmv/crs/spmv_syn/solution/.autopilot/db/a.g.ld.2.m1.bc -reflow-globaldce -hls-top-function-name=spmv -reflow-float-conversion -o /home/yzy/MachSuite/spmv/crs/spmv_syn/solution/.autopilot/db/a.g.ld.3.fpc.bc > /home/yzy/MachSuite/spmv/crs/spmv_syn/solution/.autopilot/db/a.g.ld.3.fpc.bc.opt.out.log 2> /home/yzy/MachSuite/spmv/crs/spmv_syn/solution/.autopilot/db/a.g.ld.3.fpc.bc.opt.err.log
INFO-FLOW: 
INFO-FLOW: Running: gen_design_size_report post-opt
INFO-FLOW: Done: gen_design_size_report post-opt time: 0 seconds per iteration
Command       run_link_or_opt done; 0.47 sec.
Execute       run_link_or_opt -out /home/yzy/MachSuite/spmv/crs/spmv_syn/solution/.autopilot/db/a.g.ld.4.m2.bc -args /home/yzy/MachSuite/spmv/crs/spmv_syn/solution/.autopilot/db/a.g.ld.3.fpc.bc -only-needed /tools/Xilinx/Vitis_HLS/2023.2/lnx64/lib/libfloatconversion_39.bc 
INFO-FLOW: run_clang exec: /tools/Xilinx/Vitis_HLS/2023.2/lnx64/tools/clang-3.9-csynth/bin/llvm-link /home/yzy/MachSuite/spmv/crs/spmv_syn/solution/.autopilot/db/a.g.ld.3.fpc.bc -only-needed /tools/Xilinx/Vitis_HLS/2023.2/lnx64/lib/libfloatconversion_39.bc -o /home/yzy/MachSuite/spmv/crs/spmv_syn/solution/.autopilot/db/a.g.ld.4.m2.bc > /home/yzy/MachSuite/spmv/crs/spmv_syn/solution/.autopilot/db/a.g.ld.4.m2.bc.llvm-link.out.log 2> /home/yzy/MachSuite/spmv/crs/spmv_syn/solution/.autopilot/db/a.g.ld.4.m2.bc.llvm-link.err.log
INFO-FLOW: 
Execute       run_link_or_opt -opt -out /home/yzy/MachSuite/spmv/crs/spmv_syn/solution/.autopilot/db/a.g.ld.5.gdce.bc -args /home/yzy/MachSuite/spmv/crs/spmv_syn/solution/.autopilot/db/a.g.ld.4.m2.bc -reflow-globaldce -hls-top-function-name=spmv 
INFO-FLOW: run_clang exec: /tools/Xilinx/Vitis_HLS/2023.2/lnx64/tools/clang-3.9-csynth/bin/opt -pass-remarks-missed=reflow|pasta|unroll -pass-remarks=reflow|pasta|unroll|inline -pass-remarks-output=/home/yzy/MachSuite/spmv/crs/spmv_syn/solution/.autopilot/db/a.g.ld.5.gdce.bc.opt.diag.yml /home/yzy/MachSuite/spmv/crs/spmv_syn/solution/.autopilot/db/a.g.ld.4.m2.bc -reflow-globaldce -hls-top-function-name=spmv -o /home/yzy/MachSuite/spmv/crs/spmv_syn/solution/.autopilot/db/a.g.ld.5.gdce.bc > /home/yzy/MachSuite/spmv/crs/spmv_syn/solution/.autopilot/db/a.g.ld.5.gdce.bc.opt.out.log 2> /home/yzy/MachSuite/spmv/crs/spmv_syn/solution/.autopilot/db/a.g.ld.5.gdce.bc.opt.err.log
INFO-FLOW: 
INFO-FLOW: Running: gen_design_size_report post-opt
INFO-FLOW: Done: gen_design_size_report post-opt time: 0 seconds per iteration
Execute       send_msg_by_id INFO @200-777@%s Vivado 
INFO: [HLS 200-777] Using interface defaults for 'Vivado' flow target.
Execute       is_m_axi_addr64 
INFO-FLOW: Doing LTO.
INFO-FLOW: run_clang (background poll_ms 5000) exec: /tools/Xilinx/Vitis_HLS/2023.2/lnx64/tools/clang-3.9-csynth/bin/clang -foptimization-record-file=/home/yzy/MachSuite/spmv/crs/spmv_syn/solution/.autopilot/db/a.g.ld.0.bc.clang.reflow.diag.yml -mllvm -pass-remarks-missed=reflow|pasta|unroll -mllvm -pass-remarks=reflow|pasta|unroll|inline -fhls -mllvm -hls-top-function-name=spmv -mllvm -hls-db-dir -mllvm /home/yzy/MachSuite/spmv/crs/spmv_syn/solution/.autopilot/db -emit-llvm -c -target fpga64-xilinx-none -mllvm -xcl-xmlinfo=/home/yzy/MachSuite/spmv/crs/spmv_syn/solution/.autopilot/db/kernel.internal.xml -mllvm -top-io-mapping-info=/home/yzy/MachSuite/spmv/crs/spmv_syn/solution/.autopilot/db/top-io-fe.xml -mllvm -hls-bitcode-version=3.1 -mllvm -reflow-enable-slave-interface-default-setting=true -mllvm -gen-kernel-xml=false -mllvm -default-maxi-offset=slave -mllvm -maxi-latency=0 -mllvm -hls-maxi-data-size-in-bits=8 -mllvm -hls-maxi-max-data-size-in-bits=1024 -mllvm -hls-max-widen-size-in-bits=0 -mllvm -xcl-kernel-max-mem-ports=0 -mllvm -maxi-read-trans=16 -mllvm -maxi-write-trans=16 -mllvm -maxi-read-burst-len=16 -mllvm -maxi-write-burst-len=16 -mllvm -reflow-enable-saxi-64bits=0 -mllvm -reflow-basic-block-instr-threshold=200000 -mllvm -reflow-auto-pipeline-threshold=64 -mllvm -reflow-enable-maxi-auto-id-channel=0 -mllvm -enable-fp-thr=0 -mllvm -reflow-bdd-simplify-threshold=1048576 -mllvm -reflow-fanout-threshold=16 -mllvm -assume-maxi-align=1 -mllvm -reflow-pipeline-style-llvm-setting=2 -mllvm -reflow-enable-dataflow-strict-mode-checking=1 -ftime-report -mllvm -time-passes -mllvm -reflow-auto-array-partition-mode=default -mllvm -reflow-enable-auto-array-partition=true -mllvm -reflow-enable-auto-parallel-performance-driven=true -mllvm -reflow-enable-partition-for-automation=true -mllvm -reflow-aggregate-bitwidth-threshold=4096 -mllvm -reflow-reserved-saxilite-registers=0 -mllvm -enable-reflow-auto-loop-pipeline -mllvm -reflow-max-unroll-threshold=409600 -mllvm -reflow-assume-no-address-wrap=true -mllvm -reflow-enable-occurrence-inference=true -mllvm -reflow-emit-hint-scope=true -mllvm -hls -mllvm -disable-inlined-alloca-merging=true -mllvm -default-clock-period=10 -x ir /home/yzy/MachSuite/spmv/crs/spmv_syn/solution/.autopilot/db/a.g.ld.5.gdce.bc -o /home/yzy/MachSuite/spmv/crs/spmv_syn/solution/.autopilot/db/a.g.lto.bc -hls-platform-db-name=/tools/Xilinx/Vitis_HLS/2023.2/common/technology/xilinx/common/platform.db -hls-platform-name=virtex7_medium -device-resource-info=BRAM_1590.000000_DSP_1260.000000_FF_728400.000000_LUT_364200.000000_SLICE_91050.000000_URAM_0.000000 -device-name-info=xc7v585tffg1761-2 2> /home/yzy/MachSuite/spmv/crs/spmv_syn/solution/.autopilot/db/a.g.ld.0.bc.clang.reflow.err.log bg_poll_cmd: ::AP::poll_clang_39_closed_source
Execute       send_msg_by_id INFO @200-1995@%s%s%s 48 Compile/Link /home/yzy/MachSuite/spmv/crs/spmv_syn/solution/syn/report/csynth_design_size.rpt 
INFO: [HLS 200-1995] There were 48 instructions in the design after the 'Compile/Link' phase of compilation. See the Design Size Report for more details: /home/yzy/MachSuite/spmv/crs/spmv_syn/solution/syn/report/csynth_design_size.rpt
Execute       send_msg_by_id INFO @200-1995@%s%s%s 45 Unroll/Inline (step 1) /home/yzy/MachSuite/spmv/crs/spmv_syn/solution/syn/report/csynth_design_size.rpt 
INFO: [HLS 200-1995] There were 45 instructions in the design after the 'Unroll/Inline (step 1)' phase of compilation. See the Design Size Report for more details: /home/yzy/MachSuite/spmv/crs/spmv_syn/solution/syn/report/csynth_design_size.rpt
Execute       send_msg_by_id INFO @200-1995@%s%s%s 37 Unroll/Inline (step 2) /home/yzy/MachSuite/spmv/crs/spmv_syn/solution/syn/report/csynth_design_size.rpt 
INFO: [HLS 200-1995] There were 37 instructions in the design after the 'Unroll/Inline (step 2)' phase of compilation. See the Design Size Report for more details: /home/yzy/MachSuite/spmv/crs/spmv_syn/solution/syn/report/csynth_design_size.rpt
Execute       send_msg_by_id INFO @200-1995@%s%s%s 37 Unroll/Inline (step 3) /home/yzy/MachSuite/spmv/crs/spmv_syn/solution/syn/report/csynth_design_size.rpt 
INFO: [HLS 200-1995] There were 37 instructions in the design after the 'Unroll/Inline (step 3)' phase of compilation. See the Design Size Report for more details: /home/yzy/MachSuite/spmv/crs/spmv_syn/solution/syn/report/csynth_design_size.rpt
Execute       send_msg_by_id INFO @200-1995@%s%s%s 37 Unroll/Inline (step 4) /home/yzy/MachSuite/spmv/crs/spmv_syn/solution/syn/report/csynth_design_size.rpt 
INFO: [HLS 200-1995] There were 37 instructions in the design after the 'Unroll/Inline (step 4)' phase of compilation. See the Design Size Report for more details: /home/yzy/MachSuite/spmv/crs/spmv_syn/solution/syn/report/csynth_design_size.rpt
Execute       send_msg_by_id INFO @200-1995@%s%s%s 36 Array/Struct (step 1) /home/yzy/MachSuite/spmv/crs/spmv_syn/solution/syn/report/csynth_design_size.rpt 
INFO: [HLS 200-1995] There were 36 instructions in the design after the 'Array/Struct (step 1)' phase of compilation. See the Design Size Report for more details: /home/yzy/MachSuite/spmv/crs/spmv_syn/solution/syn/report/csynth_design_size.rpt
Execute       send_msg_by_id INFO @200-1995@%s%s%s 36 Array/Struct (step 2) /home/yzy/MachSuite/spmv/crs/spmv_syn/solution/syn/report/csynth_design_size.rpt 
INFO: [HLS 200-1995] There were 36 instructions in the design after the 'Array/Struct (step 2)' phase of compilation. See the Design Size Report for more details: /home/yzy/MachSuite/spmv/crs/spmv_syn/solution/syn/report/csynth_design_size.rpt
Execute       send_msg_by_id INFO @200-1995@%s%s%s 36 Array/Struct (step 3) /home/yzy/MachSuite/spmv/crs/spmv_syn/solution/syn/report/csynth_design_size.rpt 
INFO: [HLS 200-1995] There were 36 instructions in the design after the 'Array/Struct (step 3)' phase of compilation. See the Design Size Report for more details: /home/yzy/MachSuite/spmv/crs/spmv_syn/solution/syn/report/csynth_design_size.rpt
Execute       send_msg_by_id INFO @200-1995@%s%s%s 36 Array/Struct (step 4) /home/yzy/MachSuite/spmv/crs/spmv_syn/solution/syn/report/csynth_design_size.rpt 
INFO: [HLS 200-1995] There were 36 instructions in the design after the 'Array/Struct (step 4)' phase of compilation. See the Design Size Report for more details: /home/yzy/MachSuite/spmv/crs/spmv_syn/solution/syn/report/csynth_design_size.rpt
Execute       send_msg_by_id INFO @200-1995@%s%s%s 38 Array/Struct (step 5) /home/yzy/MachSuite/spmv/crs/spmv_syn/solution/syn/report/csynth_design_size.rpt 
INFO: [HLS 200-1995] There were 38 instructions in the design after the 'Array/Struct (step 5)' phase of compilation. See the Design Size Report for more details: /home/yzy/MachSuite/spmv/crs/spmv_syn/solution/syn/report/csynth_design_size.rpt
Execute       send_msg_by_id INFO @200-1995@%s%s%s 37 Performance (step 1) /home/yzy/MachSuite/spmv/crs/spmv_syn/solution/syn/report/csynth_design_size.rpt 
INFO: [HLS 200-1995] There were 37 instructions in the design after the 'Performance (step 1)' phase of compilation. See the Design Size Report for more details: /home/yzy/MachSuite/spmv/crs/spmv_syn/solution/syn/report/csynth_design_size.rpt
Execute       send_msg_by_id INFO @200-1995@%s%s%s 36 Performance (step 2) /home/yzy/MachSuite/spmv/crs/spmv_syn/solution/syn/report/csynth_design_size.rpt 
INFO: [HLS 200-1995] There were 36 instructions in the design after the 'Performance (step 2)' phase of compilation. See the Design Size Report for more details: /home/yzy/MachSuite/spmv/crs/spmv_syn/solution/syn/report/csynth_design_size.rpt
Execute       send_msg_by_id INFO @200-1995@%s%s%s 36 Performance (step 3) /home/yzy/MachSuite/spmv/crs/spmv_syn/solution/syn/report/csynth_design_size.rpt 
INFO: [HLS 200-1995] There were 36 instructions in the design after the 'Performance (step 3)' phase of compilation. See the Design Size Report for more details: /home/yzy/MachSuite/spmv/crs/spmv_syn/solution/syn/report/csynth_design_size.rpt
Execute       send_msg_by_id INFO @200-1995@%s%s%s 36 Performance (step 4) /home/yzy/MachSuite/spmv/crs/spmv_syn/solution/syn/report/csynth_design_size.rpt 
INFO: [HLS 200-1995] There were 36 instructions in the design after the 'Performance (step 4)' phase of compilation. See the Design Size Report for more details: /home/yzy/MachSuite/spmv/crs/spmv_syn/solution/syn/report/csynth_design_size.rpt
Execute       send_msg_by_id INFO @200-1995@%s%s%s 49 HW Transforms (step 1) /home/yzy/MachSuite/spmv/crs/spmv_syn/solution/syn/report/csynth_design_size.rpt 
INFO: [HLS 200-1995] There were 49 instructions in the design after the 'HW Transforms (step 1)' phase of compilation. See the Design Size Report for more details: /home/yzy/MachSuite/spmv/crs/spmv_syn/solution/syn/report/csynth_design_size.rpt
Execute       send_msg_by_id INFO @200-1995@%s%s%s 53 HW Transforms (step 2) /home/yzy/MachSuite/spmv/crs/spmv_syn/solution/syn/report/csynth_design_size.rpt 
INFO: [HLS 200-1995] There were 53 instructions in the design after the 'HW Transforms (step 2)' phase of compilation. See the Design Size Report for more details: /home/yzy/MachSuite/spmv/crs/spmv_syn/solution/syn/report/csynth_design_size.rpt
WARNING: [HLS 214-340] The resource pragma (bind_storage) on top-level function argument, in 'call' is unsupported, please use INTERFACE pragma instead (/home/yzy/MachSuite/spmv/crs/spmv_dir:1:9)
WARNING: [HLS 214-340] The resource pragma (bind_storage) on top-level function argument, in 'call' is unsupported, please use INTERFACE pragma instead (/home/yzy/MachSuite/spmv/crs/spmv_dir:2:9)
WARNING: [HLS 214-340] The resource pragma (bind_storage) on top-level function argument, in 'call' is unsupported, please use INTERFACE pragma instead (/home/yzy/MachSuite/spmv/crs/spmv_dir:3:9)
WARNING: [HLS 214-340] The resource pragma (bind_storage) on top-level function argument, in 'call' is unsupported, please use INTERFACE pragma instead (/home/yzy/MachSuite/spmv/crs/spmv_dir:4:9)
WARNING: [HLS 214-340] The resource pragma (bind_storage) on top-level function argument, in 'call' is unsupported, please use INTERFACE pragma instead (/home/yzy/MachSuite/spmv/crs/spmv_dir:5:9)
INFO-FLOW: DBG:PUTS: copy_raw_kernel_xml ap_link_39: kernel.xml not generated: /home/yzy/MachSuite/spmv/crs/spmv_syn/solution/.autopilot/db/kernel.internal.xml
INFO: [HLS 200-111] Finished Compiling Optimization and Transform: CPU user time: 1.67 seconds. CPU system time: 0.3 seconds. Elapsed time: 6.88 seconds; current allocated memory: 268.500 MB.
INFO: [HLS 200-111] Finished Checking Pragmas: CPU user time: 0 seconds. CPU system time: 0 seconds. Elapsed time: 0 seconds; current allocated memory: 268.500 MB.
Execute       opt_and_import_c a -opt_level=2 -skip_syncheck=0 -ng=0 -keep_printf=0 
Execute         cleanup_all_models 
INFO: [HLS 200-10] Starting code transformations ...
INFO-FLOW: Running Standard Transforms...
Execute         transform -hls -share-std-xform -demangle-name -inline-byval-memcpy -always-inline -promote-dbg-pointer -interface-preproc -mem2reg -scalarrepl -mem2reg -keep-read-access -instcombine -dce -promote-dbg-pointer -bitop-raise -loop-simplify -indvarspre -indvars -loop-simplify -xunroll -constprop -instcombine -simplifycfg -indvars -simplifycfg -dce -globaldce -basicaa -simplifycfg -mem2reg -globalopt -global-constprop -deadargelim -instcombine -simplifycfg -scalarrepl -instcombine -reassociate -licm -simplifycfg -loop-simplify -indvars -instcombine -simplifycfg -mem2reg -loop-simplify -indvars -instcombine -gvn -gvn -instcombine -adce -break-crit-edges -simplifycfg -loop-delete -global-array-opt -dce -dse -adce -find-syn-modules -top spmv -deadargelim -mem2reg -instcombine -dce -presyn-prepare -interface-preproc -syn-check -check-rec-only -find-region -simplifycfg -func-extr -function-inline -globaldce -mem2reg -instcombine -dce -gvn -globaldce -adce -adse -constprop -instcombine -bit-constprop -instcombine -dce -simplifycfg -bitop-raise -simplifycfg -dce -loop-delete -reassociate -globalopt -global-privatize -mem2reg -dce -global-constprop -pointer-simplify -constprop -dce -auto-shift-reg-idiom -promote-dbg-pointer -norm-name /home/yzy/MachSuite/spmv/crs/spmv_syn/solution/.autopilot/db/a.g.0.bc -o /home/yzy/MachSuite/spmv/crs/spmv_syn/solution/.autopilot/db/a.g.1.bc -f -phase std-opt 
INFO: [HLS 200-111] Finished Standard Transforms: CPU user time: 0 seconds. CPU system time: 0.01 seconds. Elapsed time: 0.04 seconds; current allocated memory: 268.500 MB.
INFO: [HLS 200-10] Checking synthesizability ...
INFO-FLOW: Checking Synthesizability 1/2..
Execute         transform -hls -syn-check -check-rec-only -scalarrepl -norm-name -dce -mem2reg -instcombine -directive-preproc -mem2reg -dse -dce -dce -pag -array-normalize -instcombine -dce -array-seg-normalize -instcombine -dce -data-pack -instcombine -dce -inst-simplify -array-flatten -instcombine -dce -array-burst -dce -deadargelim -promote-global-argument -simplifycfg -mem2reg -globaldce -dce -deadargelim -dce -instcombine -function-inline -globaldce -dce -doublePtrSimplify -doublePtrElim -dce -doublePtrSimplify -promote-dbg-pointer -dce -scalarrepl -dse -adse -instcombine -ptrLegalization -simplifycfg -dce -instcombine -pointer-simplify -ptrArgReplace -dce -instcombine -resolve-double-ptr -scalarrepl -norm-name -dce -mem2reg -instcombine -ptrLegalization -simplifycfg -deadargelim -instcombine -dce -inst-simplify -directive-preproc -mem2reg -dse -dce -globaldce /home/yzy/MachSuite/spmv/crs/spmv_syn/solution/.autopilot/db/a.g.1.bc -o /home/yzy/MachSuite/spmv/crs/spmv_syn/solution/.autopilot/db/a.g.2.prechk.bc -f 
INFO-FLOW: Checking Synthesizability 2/2..
Execute         transform -syn-check /home/yzy/MachSuite/spmv/crs/spmv_syn/solution/.autopilot/db/a.g.2.prechk.bc -o /home/yzy/MachSuite/spmv/crs/spmv_syn/solution/.autopilot/db/a.g.2.bc -f -phase syn-check 
INFO: [HLS 200-111] Finished Checking Synthesizability: CPU user time: 0.01 seconds. CPU system time: 0 seconds. Elapsed time: 0 seconds; current allocated memory: 268.516 MB.
INFO-FLOW: Compiler optimizing ...
INFO-FLOW: Share syncheck's 1.bc for syn flow: copy /home/yzy/MachSuite/spmv/crs/spmv_syn/solution/.autopilot/db/a.g.1.bc to /home/yzy/MachSuite/spmv/crs/spmv_syn/solution/.autopilot/db/a.o.1.bc
INFO-FLOW: Presyn 1...
Execute         transform -hls -tmp /home/yzy/MachSuite/spmv/crs/spmv_syn/solution/.autopilot/db -interface-port-rename -directive-preproc -mem2reg -dse -dce -scalarrepl -norm-name -deadargelim -mem2reg -instcombine -dce -simplifycfg -dce -resource-proc -clib-intrinsic-prepare -dce -func-buffer -dce -pag -array-normalize -func-legal -instcombine -gvn -constprop -dce -simplifycfg -mem2reg -globaldce -resolve-double-ptr -dce -deadargelim -dce -instcombine -ptrArgReplace -mem2reg -dce -array-seg-normalize -deadargelim -instcombine -dce -directive-preproc -mem2reg -dse -dce -pointer-simplify -dce -port-alignment -dce -interface-preproc -data-pack -instcombine -dce -basicaa -aggr-aa -aggrmodref-aa -aggr-aa -gvn -gvn -basicaa -aggr-aa -aggrmodref-aa -aggr-aa -dse -adse -adce -loop-simplify -indvars -instcombine -gvn -loop-simplify -mem2reg -dce -find-region -instcombine -inst-simplify -interface-preproc -cfgopt -instcombine -indvars -auto-loop-unroll -loop-simplify -loop-bound -xunroll -constprop -instcombine -simplifycfg -indvars -simplifycfg -dce -globaldce -clean-region -attach-range -gvn -inst-simplify -constprop -simplifycfg -dce -pointer-simplify -dce -globalopt -constprop -dce -array-promote -scalar-auto-dep-elim -constprop -dce -ptrArgReplace -mem2reg -simplifycfg -dce -instcombine -dce -array-transform-check -array-reshape -instcombine -simplifycfg -dce -ptrArgReplace -deadargelim -mem2reg -instcombine -simplifycfg -dce -indvars -loop-simplify -loop-bound -xunroll -constprop -instcombine -simplifycfg -indvars -simplifycfg -dce -globaldce -basicaa -aggr-aa -aggrmodref-aa -aggr-aa -dse -duplicate-dataflow-processes -globaldce -instcombine -array-partition -prepare-dynamic-array-partition -instcombine -simplifycfg -dce -ptrArgReplace -global-constprop -deadargelim -mem2reg -func-legal -dce -global-constprop -deadargelim -mem2reg -simplifycfg -dce -merge-param -deadargelim -globalopt -constprop -dce -array-promote -scalar-auto-dep-elim -constprop -dce -ptrArgReplace -mem2reg -simplifycfg -dce -mem-intrinsic-preproc -dce -global-internalize -global-privatize -mem2reg -globaldce -promote-global-argument -ptrArgReplace -mem2reg -dce -globalopt -mergereturn -simplify-global-access -mem2reg -dce -pointer-simplify -dce -functionattrs -basicaa -aggr-aa -aggrmodref-aa -aggr-aa -gvn -gvn -basicaa -aggr-aa -aggrmodref-aa -aggr-aa -dse -adse -adce -dce -norm-name -basicaa -aggr-aa -aggrmodref-aa -aggr-aa -accesses-merge -function-inline -complex-op-raise -inst-simplify -globaldce -func-legal -dce -loop-bound -arraycheck -bitwidthmin2 -bitwidthmin2 -on-by-dataflow -loop-delete -instcombine -simplifycfg -globaldce -dce -gvn -deadargelim -dce -loop-simplify -clean-region -simplifycfg -propagate-stable-arguments -loop-stream -instcombine -simplifycfg -dce -globaldce -duplicate-dataflow-processes -stream-intrinsic-preproc -dce -check-ap-stream -loop-simplify -eliminate-keepreads -extract-dataflow-in-loop -loop-simplify -dce -gvn -deadargelim -dse -duplicate-dataflow-processes -check-dataflow-syntax -legalize-stream-variable -globaldce -legalize-global -extract-subproc -dce -dead-channel-elimination -canonicalize-gep -globaldce -dce -gvn -hls-dead-arg-elim -deadargelim -directive-preproc -canonicalize-dataflow -dce -globaldce -scalar-preprocessing -scalar-propagation2 -scalar-stream -deadargelim -globaldce -mem2reg -check-dataflow-channels -function-stream -dce -globaldce -prop-fifo-spec -internal-stream-gen -canonicalize-gep -globaldce -dce -gvn -deadargelim -mergereturn -indvars -loop-simplify -instcombine -array-stream -array-seg-normalize -array-partition -clean-array-spec -func-legal -instcombine -simplifycfg -dce -bundle-memfifo-ops -deadargelim -directive-preproc -mem2reg -dse -dce -group-axi-access -licm -simplifycfg -dce -loop-delete -hls-display -norm-name /home/yzy/MachSuite/spmv/crs/spmv_syn/solution/.autopilot/db/a.o.1.bc -o /home/yzy/MachSuite/spmv/crs/spmv_syn/solution/.autopilot/db/a.o.1.tmp.bc -f 
INFO-FLOW: Presyn 2...
Execute         transform -hls -keep-callgraph -scalarrepl -mem2reg -port-alignment -attach-range -dce -pipe-mux-gen -indvars -loop-bound -inst-simplify -instcombine -dce -merge-array-access -mem2reg -dce -clean-region -mergereturn -if-conv -instcombine -dce -constprop -basicaa -aggr-aa -aggrmodref-aa -aggr-aa -gvn -gvn -basicaa -aggr-aa -aggrmodref-aa -aggr-aa -dse -adse -adce -scalarrepl -mem2reg -global-constprop -deadargelim -deadargelim -instcombine -dce -simplifycfg -ptrArgReplace -mem2reg -function-inline -globaldce -mem2reg -instcombine -dce -expr-balance -instcombine -dce -bitwidthmin2 -bitwidthmin2 -interface-preproc -directive-preproc -inst-rectify -instcombine -dce -functionattrs -constprop -instcombine -bit-constprop -simplify-global-access -globalopt -globaldce -inst-simplify -instcombine -elimdeaddata -dce -loop-delete -simplifycfg -loop-simplify -barrier -norm-name /home/yzy/MachSuite/spmv/crs/spmv_syn/solution/.autopilot/db/a.o.1.tmp.bc -o /home/yzy/MachSuite/spmv/crs/spmv_syn/solution/.autopilot/db/a.o.2.bc -f -phase presyn 
INFO: [HLS 200-111] Finished Loop, function and other optimizations: CPU user time: 0.02 seconds. CPU system time: 0.01 seconds. Elapsed time: 0.03 seconds; current allocated memory: 290.105 MB.
INFO-FLOW: Building ssdm...
Execute         transform -hls -auto-function-inline -globaldce -ptrArgReplace -mem2reg -dce -reset-lda -loop-simplify -indvars -aggr-aa -licm -loop-dep -loop-bound -licm -loop-simplify -loop-sink-hoist -flattenloopnest -array-flatten -gvn -instcombine -dce -array-map -dce -func-legal -gvn -adce -instcombine -cfgopt -simplifycfg-lite -loop-simplify -array-burst -promote-global-argument -dce -array-seg-normalize -basicaa -aggrmodref-aa -globalsmodref-aa -aggr-aa -gvn -gvn -basicaa -aggrmodref-aa -globalsmodref-aa -aggr-aa -dse -adse -adce -licm -inst-simplify -dce -globaldce -instcombine -array-stream -eliminate-keepreads -instcombine -dce -deadargelim -doublePtrSimplify -doublePtrElim -dce -doublePtrSimplify -promote-dbg-pointer -dce -scalarrepl -mem2reg -norm-name -mem2reg -instcombine -dse -adse -adce -ptrLegalization -dce -array-flatten -dce -instcombine -check-doubleptr -loop-rot -constprop -cfgopt -simplifycfg-lite -loop-simplify -indvars -pointer-simplify -dce -loop-bound -loop-simplify -loop-preproc -constprop -global-constprop -gvn -mem2reg -instcombine -dce -loop-bound -loop-merge -dce -deadargelim -dce -canonicalize-dataflow -dce -deadargelim -globaldce -mem2reg -bram-byte-enable -inst-simplify -inst-rectify -instcombine -adce -deadargelim -load-elim -read-loop-dep -loop-simplify -loop-extract-inner -directive-preproc -bitwidthmin2 -bitwidthmin2 -read-loop-dep -interface-preproc -directive-preproc -interface-gen -bram-byte-enable-spec-prop -deadargelim -inst-simplify -dce -mem2reg -instcombine -gvn -dce -adse -loop-bound -instcombine -cfgopt -simplifycfg-lite -loop-simplify -clean-region -io-protocol -find-region -mem2reg -bitop-raise -complex-op-raise -inst-simplify -inst-rectify -instcombine -adce -deadargelim -float-op-raise -loop-simplify -phi-opt -bitop-raise -cfgopt -simplifycfg-lite -strip-dead-prototypes -interface-lower -bitop-lower -intrinsic-lower -auto-function-inline -basicaa -aggrmodref-aa -globalsmodref-aa -aggr-aa -inst-simplify -simplifycfg-lite -loop-simplify -mergereturn -inst-simplify -inst-rectify -globaldce -dce -load-elim -bitop-lower -float-op-raise -fma-raise -loop-rewind -pointer-simplify -dce -cfgopt -dce -loop-bound -loop-dep -read-loop-dep -dce -dyn-mem-reuse -dce -recurrence-min -dce -share-scalar-alloca -deadargelim -dce -check-stream -norm-name -legalize -validate-dataflow -inst-clarity -bitwidth -dce -dump-loop-dep-to-ir -check-all-ssdm -dump-complexity-metric -cdfg-build /home/yzy/MachSuite/spmv/crs/spmv_syn/solution/.autopilot/db/a.o.2.bc -o /home/yzy/MachSuite/spmv/crs/spmv_syn/solution/.autopilot/db/a.o.3.bc -f -phase build-ssdm 
WARNING: [HLS 200-960] Cannot flatten loop 'spmv_1' (spmv.c:12:14) in function 'spmv' the outer loop is not a perfect loop because there is nontrivial logic in the loop latch.
Execute           auto_get_db
INFO: [HLS 200-111] Finished Architecture Synthesis: CPU user time: 0.02 seconds. CPU system time: 0 seconds. Elapsed time: 0.02 seconds; current allocated memory: 290.191 MB.
INFO-FLOW: Finish building internal data model.
Command     elaborate done; 8.7 sec.
Execute     ap_eval exec zip -j /home/yzy/MachSuite/spmv/crs/spmv_syn/solution/.autopilot/db/dut.hcp $dbDir/a.o.3.bc $dbDir/${topname}.rtl_wrap.cfg.tcl $dbDir/apatb_${topname}.cpp $dbDir/apatb_${topname}_util.cpp $dbDir/apatb_${topname}_ir.ll $dbDir/mapper_${topname}.cpp $dbDir/top-io-fe.xml $dbDir/kernel.internal.xml $workdir/../hls.app 
Execute     autosyn -from_csynth_design=1 
INFO: [HLS 200-10] Starting hardware synthesis ...
INFO-FLOW: Synthesizing C/C++ design ...
INFO: [HLS 200-10] Synthesizing 'spmv' ...
Execute       ap_set_top_model spmv 
Execute       get_model_list spmv -filter all-wo-channel -topdown 
Execute       preproc_iomode -model spmv 
Execute       preproc_iomode -model spmv_Pipeline_spmv_2 
Execute       get_model_list spmv -filter all-wo-channel 
INFO-FLOW: Model list for configure: spmv_Pipeline_spmv_2 spmv
INFO-FLOW: Configuring Module : spmv_Pipeline_spmv_2 ...
Execute       set_default_model spmv_Pipeline_spmv_2 
Execute       apply_spec_resource_limit spmv_Pipeline_spmv_2 
INFO-FLOW: Configuring Module : spmv ...
Execute       set_default_model spmv 
Execute       apply_spec_resource_limit spmv 
INFO-FLOW: Model list for preprocess: spmv_Pipeline_spmv_2 spmv
INFO-FLOW: Preprocessing Module: spmv_Pipeline_spmv_2 ...
Execute       set_default_model spmv_Pipeline_spmv_2 
Execute       cdfg_preprocess -model spmv_Pipeline_spmv_2 
Execute       rtl_gen_preprocess spmv_Pipeline_spmv_2 
INFO-FLOW: Preprocessing Module: spmv ...
Execute       set_default_model spmv 
Execute       cdfg_preprocess -model spmv 
Execute       rtl_gen_preprocess spmv 
INFO-FLOW: Model list for synthesis: spmv_Pipeline_spmv_2 spmv
INFO: [HLS 200-10] ----------------------------------------------------------------
INFO: [HLS 200-42] -- Implementing module 'spmv_Pipeline_spmv_2' 
INFO: [HLS 200-10] ----------------------------------------------------------------
Execute       set_default_model spmv_Pipeline_spmv_2 
Execute       schedule -model spmv_Pipeline_spmv_2 
INFO: [SCHED 204-11] Starting scheduling ...
INFO: [SCHED 204-61] Pipelining loop 'spmv_2'.
WARNING: [HLS 200-880] The II Violation in module 'spmv_Pipeline_spmv_2' (loop 'spmv_2'): Unable to enforce a carried dependence constraint (II = 1, distance = 1, offset = 0) between 'store' operation 0 bit ('sum_write_ln10', spmv.c:10) of variable 'sum', spmv.c:18 on local variable 'sum', spmv.c:10 and 'load' operation 64 bit ('sum_load', spmv.c:18) on local variable 'sum', spmv.c:10.
WARNING: [HLS 200-880] The II Violation in module 'spmv_Pipeline_spmv_2' (loop 'spmv_2'): Unable to enforce a carried dependence constraint (II = 2, distance = 1, offset = 0) between 'store' operation 0 bit ('sum_write_ln10', spmv.c:10) of variable 'sum', spmv.c:18 on local variable 'sum', spmv.c:10 and 'load' operation 64 bit ('sum_load', spmv.c:18) on local variable 'sum', spmv.c:10.
WARNING: [HLS 200-880] The II Violation in module 'spmv_Pipeline_spmv_2' (loop 'spmv_2'): Unable to enforce a carried dependence constraint (II = 3, distance = 1, offset = 0) between 'store' operation 0 bit ('sum_write_ln10', spmv.c:10) of variable 'sum', spmv.c:18 on local variable 'sum', spmv.c:10 and 'load' operation 64 bit ('sum_load', spmv.c:18) on local variable 'sum', spmv.c:10.
INFO: [HLS 200-1470] Pipelining result : Target II = NA, Final II = 4, Depth = 14, loop 'spmv_2'
INFO: [SCHED 204-11] Finished scheduling.
INFO: [HLS 200-111] Finished Scheduling: CPU user time: 0.04 seconds. CPU system time: 0.02 seconds. Elapsed time: 0.07 seconds; current allocated memory: 291.621 MB.
Execute       syn_report -verbosereport -o /home/yzy/MachSuite/spmv/crs/spmv_syn/solution/.autopilot/db/spmv_Pipeline_spmv_2.verbose.sched.rpt 
Execute         list_part -family xc7v585t-ffg1761-2 
Execute           ap_family_info -name xc7v585t-ffg1761-2 -data names 
Execute           ap_part_info -quiet -name xc7v585t-ffg1761-2 -data family 
Execute       db_write -o /home/yzy/MachSuite/spmv/crs/spmv_syn/solution/.autopilot/db/spmv_Pipeline_spmv_2.sched.adb -f 
INFO-FLOW: Finish scheduling spmv_Pipeline_spmv_2.
Execute       set_default_model spmv_Pipeline_spmv_2 
Execute       bind -model spmv_Pipeline_spmv_2 
INFO: [BIND 205-100] Starting micro-architecture generation ...
INFO: [BIND 205-101] Performing variable lifetime analysis.
INFO: [BIND 205-101] Exploring resource sharing.
INFO: [BIND 205-101] Binding ...
INFO: [BIND 205-100] Finished micro-architecture generation.
INFO: [HLS 200-111] Finished Binding: CPU user time: 0.01 seconds. CPU system time: 0 seconds. Elapsed time: 0.01 seconds; current allocated memory: 291.621 MB.
Execute       syn_report -verbosereport -o /home/yzy/MachSuite/spmv/crs/spmv_syn/solution/.autopilot/db/spmv_Pipeline_spmv_2.verbose.bind.rpt 
Execute         list_part -family xc7v585t-ffg1761-2 
Execute           ap_family_info -name xc7v585t-ffg1761-2 -data names 
Execute           ap_part_info -quiet -name xc7v585t-ffg1761-2 -data family 
Execute       db_write -o /home/yzy/MachSuite/spmv/crs/spmv_syn/solution/.autopilot/db/spmv_Pipeline_spmv_2.bind.adb -f 
INFO-FLOW: Finish binding spmv_Pipeline_spmv_2.
INFO: [HLS 200-10] ----------------------------------------------------------------
INFO: [HLS 200-42] -- Implementing module 'spmv' 
INFO: [HLS 200-10] ----------------------------------------------------------------
Execute       set_default_model spmv 
Execute       schedule -model spmv 
INFO: [SCHED 204-11] Starting scheduling ...
INFO: [SCHED 204-11] Finished scheduling.
INFO: [HLS 200-111] Finished Scheduling: CPU user time: 0.02 seconds. CPU system time: 0.01 seconds. Elapsed time: 0.02 seconds; current allocated memory: 292.008 MB.
Execute       syn_report -verbosereport -o /home/yzy/MachSuite/spmv/crs/spmv_syn/solution/.autopilot/db/spmv.verbose.sched.rpt 
Execute         list_part -family xc7v585t-ffg1761-2 
Execute           ap_family_info -name xc7v585t-ffg1761-2 -data names 
Execute           ap_part_info -quiet -name xc7v585t-ffg1761-2 -data family 
Execute       db_write -o /home/yzy/MachSuite/spmv/crs/spmv_syn/solution/.autopilot/db/spmv.sched.adb -f 
INFO-FLOW: Finish scheduling spmv.
Execute       set_default_model spmv 
Execute       bind -model spmv 
INFO: [BIND 205-100] Starting micro-architecture generation ...
INFO: [BIND 205-101] Performing variable lifetime analysis.
INFO: [BIND 205-101] Exploring resource sharing.
INFO: [BIND 205-101] Binding ...
INFO: [BIND 205-100] Finished micro-architecture generation.
INFO: [HLS 200-111] Finished Binding: CPU user time: 0.01 seconds. CPU system time: 0 seconds. Elapsed time: 0.02 seconds; current allocated memory: 292.008 MB.
Execute       syn_report -verbosereport -o /home/yzy/MachSuite/spmv/crs/spmv_syn/solution/.autopilot/db/spmv.verbose.bind.rpt 
Execute         list_part -family xc7v585t-ffg1761-2 
Execute           ap_family_info -name xc7v585t-ffg1761-2 -data names 
Execute           ap_part_info -quiet -name xc7v585t-ffg1761-2 -data family 
Execute       db_write -o /home/yzy/MachSuite/spmv/crs/spmv_syn/solution/.autopilot/db/spmv.bind.adb -f 
INFO-FLOW: Finish binding spmv.
Execute       get_model_list spmv -filter all-wo-channel 
INFO-FLOW: Preprocessing for RTLGen ...
Execute       rtl_gen_preprocess spmv_Pipeline_spmv_2 
Execute       rtl_gen_preprocess spmv 
INFO-FLOW: Model list for RTL generation: spmv_Pipeline_spmv_2 spmv
INFO: [HLS 200-10] ----------------------------------------------------------------
INFO: [HLS 200-10] -- Generating RTL for module 'spmv_Pipeline_spmv_2' 
INFO: [HLS 200-10] ----------------------------------------------------------------
Execute       create_rtl_model spmv_Pipeline_spmv_2 -top_prefix spmv_ -sub_prefix spmv_ -mg_file /home/yzy/MachSuite/spmv/crs/spmv_syn/solution/.autopilot/db/spmv_Pipeline_spmv_2.compgen.tcl 
INFO: [HLS 200-1030] Apply Unified Pipeline Control on module 'spmv_Pipeline_spmv_2' pipeline 'spmv_2' pipeline type 'loop pipeline'
INFO: [RTGEN 206-100] Generating core module 'dadd_64ns_64ns_64_5_full_dsp_1': 1 instance(s).
INFO: [RTGEN 206-100] Generating core module 'dmul_64ns_64ns_64_5_max_dsp_1': 1 instance(s).
INFO: [RTGEN 206-100] Finished creating RTL model for 'spmv_Pipeline_spmv_2'.
INFO: [HLS 200-111] Finished Creating RTL model: CPU user time: 0.02 seconds. CPU system time: 0 seconds. Elapsed time: 0.02 seconds; current allocated memory: 292.008 MB.
Execute       source /home/yzy/MachSuite/spmv/crs/spmv_syn/solution/.autopilot/db/spmv.rtl_wrap.cfg.tcl 
Execute       gen_rtl spmv_Pipeline_spmv_2 -style xilinx -f -lang vhdl -o /home/yzy/MachSuite/spmv/crs/spmv_syn/solution/syn/vhdl/spmv_spmv_Pipeline_spmv_2 
Execute       gen_rtl spmv_Pipeline_spmv_2 -style xilinx -f -lang vlog -o /home/yzy/MachSuite/spmv/crs/spmv_syn/solution/syn/verilog/spmv_spmv_Pipeline_spmv_2 
Execute       syn_report -csynth -model spmv_Pipeline_spmv_2 -o /home/yzy/MachSuite/spmv/crs/spmv_syn/solution/syn/report/spmv_Pipeline_spmv_2_csynth.rpt 
Execute         list_part -family xc7v585t-ffg1761-2 
Execute           ap_family_info -name xc7v585t-ffg1761-2 -data names 
Execute           ap_part_info -quiet -name xc7v585t-ffg1761-2 -data family 
Execute       syn_report -rtlxml -model spmv_Pipeline_spmv_2 -o /home/yzy/MachSuite/spmv/crs/spmv_syn/solution/syn/report/spmv_Pipeline_spmv_2_csynth.xml 
Execute         list_part -family xc7v585t-ffg1761-2 
Execute           ap_family_info -name xc7v585t-ffg1761-2 -data names 
Execute           ap_part_info -quiet -name xc7v585t-ffg1761-2 -data family 
Execute       syn_report -verbosereport -model spmv_Pipeline_spmv_2 -o /home/yzy/MachSuite/spmv/crs/spmv_syn/solution/.autopilot/db/spmv_Pipeline_spmv_2.verbose.rpt 
Execute         list_part -family xc7v585t-ffg1761-2 
Execute           ap_family_info -name xc7v585t-ffg1761-2 -data names 
Execute           ap_part_info -quiet -name xc7v585t-ffg1761-2 -data family 
Execute       db_write -model spmv_Pipeline_spmv_2 -f -o /home/yzy/MachSuite/spmv/crs/spmv_syn/solution/.autopilot/db/spmv_Pipeline_spmv_2.adb 
Execute       db_write -model spmv_Pipeline_spmv_2 -bindview -o /home/yzy/MachSuite/spmv/crs/spmv_syn/solution/.autopilot/db/design.bindinfo.xml 
Execute       gen_tb_info spmv_Pipeline_spmv_2 -p /home/yzy/MachSuite/spmv/crs/spmv_syn/solution/.autopilot/db -o /home/yzy/MachSuite/spmv/crs/spmv_syn/solution/.autopilot/db/spmv_Pipeline_spmv_2 
INFO: [HLS 200-10] ----------------------------------------------------------------
INFO: [HLS 200-10] -- Generating RTL for module 'spmv' 
INFO: [HLS 200-10] ----------------------------------------------------------------
Execute       create_rtl_model spmv -top_prefix  -sub_prefix spmv_ -mg_file /home/yzy/MachSuite/spmv/crs/spmv_syn/solution/.autopilot/db/spmv.compgen.tcl 
INFO: [RTGEN 206-500] Setting interface mode on port 'spmv/val_r' to 'ap_memory'.
INFO: [RTGEN 206-500] Setting interface mode on port 'spmv/cols' to 'ap_memory'.
INFO: [RTGEN 206-500] Setting interface mode on port 'spmv/rowDelimiters' to 'ap_memory'.
INFO: [RTGEN 206-500] Setting interface mode on port 'spmv/vec' to 'ap_memory'.
INFO: [RTGEN 206-500] Setting interface mode on port 'spmv/out_r' to 'ap_memory'.
INFO: [RTGEN 206-500] Setting interface mode on function 'spmv' to 'ap_ctrl_hs'.
INFO: [RTGEN 206-100] Finished creating RTL model for 'spmv'.
INFO: [HLS 200-111] Finished Creating RTL model: CPU user time: 0.05 seconds. CPU system time: 0 seconds. Elapsed time: 0.04 seconds; current allocated memory: 292.836 MB.
Execute       source /home/yzy/MachSuite/spmv/crs/spmv_syn/solution/.autopilot/db/spmv.rtl_wrap.cfg.tcl 
Execute       gen_rtl spmv -istop -style xilinx -f -lang vhdl -o /home/yzy/MachSuite/spmv/crs/spmv_syn/solution/syn/vhdl/spmv 
Execute       gen_rtl spmv -istop -style xilinx -f -lang vlog -o /home/yzy/MachSuite/spmv/crs/spmv_syn/solution/syn/verilog/spmv 
Execute       syn_report -csynth -model spmv -o /home/yzy/MachSuite/spmv/crs/spmv_syn/solution/syn/report/spmv_csynth.rpt 
Execute         list_part -family xc7v585t-ffg1761-2 
Execute           ap_family_info -name xc7v585t-ffg1761-2 -data names 
Execute           ap_part_info -quiet -name xc7v585t-ffg1761-2 -data family 
Execute       syn_report -rtlxml -model spmv -o /home/yzy/MachSuite/spmv/crs/spmv_syn/solution/syn/report/spmv_csynth.xml 
Execute         list_part -family xc7v585t-ffg1761-2 
Execute           ap_family_info -name xc7v585t-ffg1761-2 -data names 
Execute           ap_part_info -quiet -name xc7v585t-ffg1761-2 -data family 
Execute       syn_report -verbosereport -model spmv -o /home/yzy/MachSuite/spmv/crs/spmv_syn/solution/.autopilot/db/spmv.verbose.rpt 
Execute         list_part -family xc7v585t-ffg1761-2 
Execute           ap_family_info -name xc7v585t-ffg1761-2 -data names 
Execute           ap_part_info -quiet -name xc7v585t-ffg1761-2 -data family 
Execute       db_write -model spmv -f -o /home/yzy/MachSuite/spmv/crs/spmv_syn/solution/.autopilot/db/spmv.adb 
Execute       db_write -model spmv -bindview -o /home/yzy/MachSuite/spmv/crs/spmv_syn/solution/.autopilot/db/design.bindinfo.xml 
Execute       gen_tb_info spmv -p /home/yzy/MachSuite/spmv/crs/spmv_syn/solution/.autopilot/db -o /home/yzy/MachSuite/spmv/crs/spmv_syn/solution/.autopilot/db/spmv 
Execute       export_constraint_db -f -tool general -o /home/yzy/MachSuite/spmv/crs/spmv_syn/solution/.autopilot/db/spmv.constraint.tcl 
Execute       syn_report -designview -model spmv -o /home/yzy/MachSuite/spmv/crs/spmv_syn/solution/.autopilot/db/spmv.design.xml 
Execute       syn_report -csynthDesign -model spmv -o /home/yzy/MachSuite/spmv/crs/spmv_syn/solution/syn/report/csynth.rpt -MHOut /home/yzy/MachSuite/spmv/crs/spmv_syn/solution/.autopilot/db/kernel_module_hierarchy.tcl 
Execute         list_part -family xc7v585t-ffg1761-2 
Execute           ap_family_info -name xc7v585t-ffg1761-2 -data names 
Execute           ap_part_info -quiet -name xc7v585t-ffg1761-2 -data family 
Execute       syn_report -wcfg -model spmv -o /home/yzy/MachSuite/spmv/crs/spmv_syn/solution/.autopilot/db/spmv_dataflow_ana.wcfg 
Execute       syn_report -protoinst -model spmv -o /home/yzy/MachSuite/spmv/crs/spmv_syn/solution/.autopilot/db/spmv.protoinst 
Execute       sc_get_clocks spmv 
Execute       sc_get_portdomain spmv 
INFO-FLOW: Model list for RTL component generation: spmv_Pipeline_spmv_2 spmv
INFO-FLOW: Handling components in module [spmv_Pipeline_spmv_2] ... 
Execute       source /home/yzy/MachSuite/spmv/crs/spmv_syn/solution/.autopilot/db/spmv_Pipeline_spmv_2.compgen.tcl 
INFO-FLOW: Found component spmv_dadd_64ns_64ns_64_5_full_dsp_1.
INFO-FLOW: Append model spmv_dadd_64ns_64ns_64_5_full_dsp_1
INFO-FLOW: Found component spmv_dmul_64ns_64ns_64_5_max_dsp_1.
INFO-FLOW: Append model spmv_dmul_64ns_64ns_64_5_max_dsp_1
INFO-FLOW: Found component spmv_flow_control_loop_pipe_sequential_init.
INFO-FLOW: Append model spmv_flow_control_loop_pipe_sequential_init
INFO-FLOW: Handling components in module [spmv] ... 
Execute       source /home/yzy/MachSuite/spmv/crs/spmv_syn/solution/.autopilot/db/spmv.compgen.tcl 
INFO-FLOW: Append model spmv_Pipeline_spmv_2
INFO-FLOW: Append model spmv
INFO-FLOW: Generating RTL model list ...
INFO-FLOW: All models in this session: spmv_dadd_64ns_64ns_64_5_full_dsp_1 spmv_dmul_64ns_64ns_64_5_max_dsp_1 spmv_flow_control_loop_pipe_sequential_init spmv_Pipeline_spmv_2 spmv
INFO-FLOW: Generating /home/yzy/MachSuite/spmv/crs/spmv_syn/solution/.autopilot/db/autopilot.rtl.models.txt file...
INFO-FLOW: To file: write model spmv_dadd_64ns_64ns_64_5_full_dsp_1
INFO-FLOW: To file: write model spmv_dmul_64ns_64ns_64_5_max_dsp_1
INFO-FLOW: To file: write model spmv_flow_control_loop_pipe_sequential_init
INFO-FLOW: To file: write model spmv_Pipeline_spmv_2
INFO-FLOW: To file: write model spmv
INFO-FLOW: Generating /home/yzy/MachSuite/spmv/crs/spmv_syn/solution/.autopilot/db/autopilot.rtl.models.tcl file...
INFO-FLOW: Finished generating RTL model list.


INFO-FLOW: RTL Generation done.
INFO-FLOW: CAS Generation done.
INFO-FLOW: CBC Generation done.
INFO-FLOW: DBG:PROC: ::AESL_AUTOMG::auto_generate_csynth_design
INFO-FLOW: DBG:PUTS: read_platform_lib /home/yzy/MachSuite/spmv/crs/spmv_syn/solution/.autopilot/db/global.setting.tcl
Execute       source /tools/Xilinx/Vitis_HLS/2023.2/common/technology/generic/autopilot/common.gen 
Execute         source /tools/Xilinx/Vitis_HLS/2023.2/common/technology/generic/autopilot/APCoreGen.gen 
Execute       source /tools/Xilinx/Vitis_HLS/2023.2/common/technology/generic/autopilot/op.gen 
Execute       source /tools/Xilinx/Vitis_HLS/2023.2/common/technology/generic/autopilot/op_simcore.gen 
Execute       source /tools/Xilinx/Vitis_HLS/2023.2/common/technology/generic/autopilot/interface.gen 
Execute       source /home/yzy/MachSuite/spmv/crs/spmv_syn/solution/.autopilot/db/global.setting.tcl 
Execute       source /tools/Xilinx/Vitis_HLS/2023.2/common/technology/xilinx/common/xilinx.gen 
Execute         source /tools/Xilinx/Vitis_HLS/2023.2/common/technology/xilinx/interface/plb46.gen 
Execute         source /tools/Xilinx/Vitis_HLS/2023.2/common/technology/xilinx/interface/axi4.gen 
Execute         source /tools/Xilinx/Vitis_HLS/2023.2/common/technology/xilinx/interface/nativeAXI4.gen 
Execute           source /tools/Xilinx/Vitis_HLS/2023.2/common/technology/xilinx/interface/saxilite.gen 
Execute         source /tools/Xilinx/Vitis_HLS/2023.2/common/technology/xilinx/scripts/xilinxcoregen.gen 
Execute         source /tools/Xilinx/Vitis_HLS/2023.2/common/technology/xilinx/interface/XilEDKCoreGen.gen 
Execute         source /tools/Xilinx/Vitis_HLS/2023.2/common/technology/xilinx/ip/xfir.gen 
Execute         source /tools/Xilinx/Vitis_HLS/2023.2/common/technology/xilinx/ip/xfft.gen 
Execute         source /tools/Xilinx/Vitis_HLS/2023.2/common/technology/xilinx/ip/dds_compiler.gen 
Execute         source /tools/Xilinx/Vitis_HLS/2023.2/common/technology/xilinx/ip/util.gen 
Execute         source /tools/Xilinx/Vitis_HLS/2023.2/common/technology/xilinx/DSP48/dsp48.gen 
INFO-FLOW: DBG:PUTS:   using AESL_AUTOCG::g_clock_period=10.000 (was NA)
INFO-FLOW: DBG:PROC: ::AESL_AUTOMG::generate_ip_cores gen_sim_model='1' gen_fp_models='0' gen_for_export='0' dstSCDir='' dstVhdlDir='/home/yzy/MachSuite/spmv/crs/spmv_syn/solution/.autopilot/db/vhdl' dstVlogDir='/home/yzy/MachSuite/spmv/crs/spmv_syn/solution/.autopilot/db/vlog' tclDir='/home/yzy/MachSuite/spmv/crs/spmv_syn/solution/.autopilot/db' modelList='spmv_dadd_64ns_64ns_64_5_full_dsp_1
spmv_dmul_64ns_64ns_64_5_max_dsp_1
spmv_flow_control_loop_pipe_sequential_init
spmv_Pipeline_spmv_2
spmv
' expOnly='0'
Execute       source /home/yzy/MachSuite/spmv/crs/spmv_syn/solution/.autopilot/db/global.setting.tcl 
Execute       ap_part_info -name xc7v585t-ffg1761-2 -data names -quiet 
Execute       ap_part_info -name xc7v585t-ffg1761-2 -data info -quiet 
Execute       source /home/yzy/MachSuite/spmv/crs/spmv_syn/solution/.autopilot/db/global.setting.tcl 
Execute       source /home/yzy/MachSuite/spmv/crs/spmv_syn/solution/.autopilot/db/global.setting.tcl 
Execute       source /home/yzy/MachSuite/spmv/crs/spmv_syn/solution/.autopilot/db/spmv_Pipeline_spmv_2.compgen.tcl 
Execute       source /home/yzy/MachSuite/spmv/crs/spmv_syn/solution/.autopilot/db/spmv.compgen.tcl 
INFO: [HLS 200-111] Finished Generating all RTL models: CPU user time: 0.1 seconds. CPU system time: 0.01 seconds. Elapsed time: 0.12 seconds; current allocated memory: 296.008 MB.
INFO-FLOW: DBG:PROC: ::HLSREPORTS::create_csynth_xml bind_info_var='bind_info' RtlSubPrefix='spmv_' outfile=''
INFO-FLOW: Running: create_csynth_xml read xml data
INFO-FLOW: Done: create_csynth_xml read xml data time: 0 seconds per iteration
INFO-FLOW: Running: create_csynth_xml bind info
INFO-FLOW: Done: create_csynth_xml bind info time: 0 seconds per iteration
INFO-FLOW: Running: create_csynth_xml config info
INFO-FLOW: Done: create_csynth_xml config info time: 0 seconds per iteration
INFO-FLOW: Running: create_csynth_xml write xml
INFO-FLOW: Done: create_csynth_xml write xml time: 0 seconds per iteration
INFO-FLOW: DBG:PUTS:      create_csynth_xml wrote csynth_xml=/home/yzy/MachSuite/spmv/crs/spmv_syn/solution/syn/report/csynth.xml
INFO-FLOW: DBG:PROC: ::AP::DESIGN_DATA::generate_json generate_bd_files='0' generate_xo_files='0' modelList='spmv_dadd_64ns_64ns_64_5_full_dsp_1
spmv_dmul_64ns_64ns_64_5_max_dsp_1
spmv_flow_control_loop_pipe_sequential_init
spmv_Pipeline_spmv_2
spmv
' rtl_lang='both' bootstrap_tcl='false' outdir='' outfilename=''
Execute       source /home/yzy/MachSuite/spmv/crs/spmv_syn/solution/.autopilot/db/global.setting.tcl 
Execute       source /home/yzy/MachSuite/spmv/crs/spmv_syn/solution/.autopilot/db/global.setting.tcl 
Execute       source /home/yzy/MachSuite/spmv/crs/spmv_syn/solution/.autopilot/db/top-io-be.tcl 
Execute       source /home/yzy/MachSuite/spmv/crs/spmv_syn/solution/.autopilot/db/spmv.tbgen.tcl 
Execute       source /home/yzy/MachSuite/spmv/crs/spmv_syn/solution/.autopilot/db/spmv.rtl_wrap.cfg.tcl 
Execute       source /home/yzy/MachSuite/spmv/crs/spmv_syn/solution/.autopilot/db/spmv.compgen.dataonly.tcl 
Execute       source /home/yzy/MachSuite/spmv/crs/spmv_syn/solution/.autopilot/db/spmv_Pipeline_spmv_2.tbgen.tcl 
Execute       source /home/yzy/MachSuite/spmv/crs/spmv_syn/solution/.autopilot/db/spmv.tbgen.tcl 
Execute       source /home/yzy/MachSuite/spmv/crs/spmv_syn/solution/.autopilot/db/global.setting.tcl 
Execute       ap_part_info -name xc7v585t-ffg1761-2 -data names -quiet 
Execute       ap_part_info -name xc7v585t-ffg1761-2 -data info -quiet 
Execute       source /home/yzy/MachSuite/spmv/crs/spmv_syn/solution/.autopilot/db/spmv.constraint.tcl 
Execute       sc_get_clocks spmv 
Execute       source /home/yzy/MachSuite/spmv/crs/spmv_syn/solution/.autopilot/db/global.setting.tcl 
Execute       source /home/yzy/MachSuite/spmv/crs/spmv_syn/solution/impl/misc/spmv_dadd_64ns_64ns_64_5_full_dsp_1_ip.tcl 
Execute       source /home/yzy/MachSuite/spmv/crs/spmv_syn/solution/impl/misc/spmv_dmul_64ns_64ns_64_5_max_dsp_1_ip.tcl 
INFO-FLOW: DBG:PROC: ::HLSREPORTS::add_csynth_report_sections bind_info_dict='adapter_nodes {} report_dict {TOPINST spmv MODULE2INSTS {spmv spmv spmv_Pipeline_spmv_2 grp_spmv_Pipeline_spmv_2_fu_94} INST2MODULE {spmv spmv grp_spmv_Pipeline_spmv_2_fu_94 spmv_Pipeline_spmv_2} INSTDATA {spmv {DEPTH 1 CHILDREN grp_spmv_Pipeline_spmv_2_fu_94} grp_spmv_Pipeline_spmv_2_fu_94 {DEPTH 2 CHILDREN {}}} MODULEDATA {spmv_Pipeline_spmv_2 {BINDINFO {{BINDTYPE op ID {} IMPL maxdsp LATENCY 4 OPTYPE dmul PRAGMA {} RTLNAME dmul_64ns_64ns_64_5_max_dsp_1_U2 SOURCE spmv.c:17 VARIABLE Si LOOP spmv_2 BUNDLEDNAME {} DSP 11 BRAM 0 URAM 0 STORAGESUBTYPE {} DISPNAME {bind_op dmul}} {BINDTYPE op ID {} IMPL fulldsp LATENCY 4 OPTYPE dadd PRAGMA {} RTLNAME dadd_64ns_64ns_64_5_full_dsp_1_U1 SOURCE spmv.c:18 VARIABLE sum_1 LOOP spmv_2 BUNDLEDNAME {} DSP 3 BRAM 0 URAM 0 STORAGESUBTYPE {} DISPNAME {bind_op dadd}} {BINDTYPE op ID {} IMPL fabric LATENCY 0 OPTYPE add PRAGMA {} RTLNAME add_ln16_fu_142_p2 SOURCE spmv.c:16 VARIABLE add_ln16 LOOP spmv_2 BUNDLEDNAME {} DSP 0 BRAM 0 URAM 0 STORAGESUBTYPE {} DISPNAME {bind_op add}}} AREA {DSP 14 BRAM 0 URAM 0}} spmv {BINDINFO {{BINDTYPE op ID {} IMPL fabric LATENCY 0 OPTYPE add PRAGMA {} RTLNAME add_ln15_fu_123_p2 SOURCE spmv.c:15 VARIABLE add_ln15 LOOP spmv_1 BUNDLEDNAME {} DSP 0 BRAM 0 URAM 0 STORAGESUBTYPE {} DISPNAME {bind_op add}}} AREA {DSP 14 BRAM 0 URAM 0}}}}'
INFO-FLOW: DBG:PUTS:      update_csynth_reports json2rpt_hw_sw_interfaces
INFO-FLOW: Running: gen_csynth_sec_pragma
INFO-FLOW: Done: gen_csynth_sec_pragma time: 0 seconds per iteration
INFO-FLOW: DBG:PUTS:      update_csynth_reports wrote xml
INFO-FLOW: DBG:PUTS:      update_csynth_reports appended to csynth rpt file
INFO: [HLS 200-111] Finished Updating report files: CPU user time: 0.2 seconds. CPU system time: 0 seconds. Elapsed time: 0.2 seconds; current allocated memory: 298.484 MB.
INFO: [VHDL 208-304] Generating VHDL RTL for spmv.
INFO: [VLOG 209-307] Generating Verilog RTL for spmv.
Execute       syn_report -model spmv -printsummary 
INFO: [HLS 200-790] **** Loop Constraint Status: All loop constraints were NOT satisfied.
INFO: [HLS 200-789] **** Estimated Fmax: 139.90 MHz
Command     autosyn done; 0.5 sec.
Command   csynth_design done; 9.27 sec.
INFO: [HLS 200-111] Finished Command csynth_design CPU user time: 2.91 seconds. CPU system time: 0.83 seconds. Elapsed time: 9.28 seconds; current allocated memory: 34.547 MB.
Execute   cosim_design -rtl verilog -tool xsim 
INFO: [HLS 200-1510] Running: cosim_design -rtl verilog -tool xsim 
Execute     source /home/yzy/MachSuite/spmv/crs/spmv_syn/solution/.autopilot/db/global.setting.tcl 
Execute     source /home/yzy/MachSuite/spmv/crs/spmv_syn/solution/.autopilot/db/global.setting.tcl 
Execute     source /home/yzy/MachSuite/spmv/crs/spmv_syn/solution/.autopilot/db/global.setting.tcl 
INFO-FLOW: DBG:PUTS: read_platform_lib /home/yzy/MachSuite/spmv/crs/spmv_syn/solution/.autopilot/db/global.setting.tcl
Execute     source /tools/Xilinx/Vitis_HLS/2023.2/common/technology/generic/autopilot/common.gen 
Execute       source /tools/Xilinx/Vitis_HLS/2023.2/common/technology/generic/autopilot/APCoreGen.gen 
Execute     source /tools/Xilinx/Vitis_HLS/2023.2/common/technology/generic/autopilot/op.gen 
Execute     source /tools/Xilinx/Vitis_HLS/2023.2/common/technology/generic/autopilot/op_simcore.gen 
Execute     source /tools/Xilinx/Vitis_HLS/2023.2/common/technology/generic/autopilot/interface.gen 
Execute     source /home/yzy/MachSuite/spmv/crs/spmv_syn/solution/.autopilot/db/global.setting.tcl 
Execute     source /tools/Xilinx/Vitis_HLS/2023.2/common/technology/xilinx/common/xilinx.gen 
Execute       source /tools/Xilinx/Vitis_HLS/2023.2/common/technology/xilinx/interface/plb46.gen 
Execute       source /tools/Xilinx/Vitis_HLS/2023.2/common/technology/xilinx/interface/axi4.gen 
Execute       source /tools/Xilinx/Vitis_HLS/2023.2/common/technology/xilinx/interface/nativeAXI4.gen 
Execute         source /tools/Xilinx/Vitis_HLS/2023.2/common/technology/xilinx/interface/saxilite.gen 
Execute       source /tools/Xilinx/Vitis_HLS/2023.2/common/technology/xilinx/scripts/xilinxcoregen.gen 
Execute       source /tools/Xilinx/Vitis_HLS/2023.2/common/technology/xilinx/interface/XilEDKCoreGen.gen 
Execute       source /tools/Xilinx/Vitis_HLS/2023.2/common/technology/xilinx/ip/xfir.gen 
Execute       source /tools/Xilinx/Vitis_HLS/2023.2/common/technology/xilinx/ip/xfft.gen 
Execute       source /tools/Xilinx/Vitis_HLS/2023.2/common/technology/xilinx/ip/dds_compiler.gen 
Execute       source /tools/Xilinx/Vitis_HLS/2023.2/common/technology/xilinx/ip/util.gen 
Execute       source /tools/Xilinx/Vitis_HLS/2023.2/common/technology/xilinx/DSP48/dsp48.gen 
Execute     ap_part_info -name xc7v585t-ffg1761-2 -data names -quiet 
Execute     ap_part_info -name xc7v585t-ffg1761-2 -data info -quiet 
Execute     source /home/yzy/MachSuite/spmv/crs/spmv_syn/solution/.autopilot/db/global.setting.tcl 
Execute     source /home/yzy/MachSuite/spmv/crs/spmv_syn/solution/.autopilot/db/spmv.rtl_wrap.cfg.tcl 
Execute     source /home/yzy/MachSuite/spmv/crs/spmv_syn/solution/.autopilot/db/spmv.tbgen.tcl 
Execute     source /home/yzy/MachSuite/spmv/crs/spmv_syn/solution/.autopilot/db/spmv.tbgen.tcl 
Execute     source /home/yzy/MachSuite/spmv/crs/spmv_syn/solution/.autopilot/db/spmv.tbgen.tcl 
Execute     source /home/yzy/MachSuite/spmv/crs/spmv_syn/solution/.autopilot/db/spmv.tbgen.tcl 
INFO: [COSIM 212-47] Using XSIM for RTL simulation.
INFO: [COSIM 212-14] Instrumenting C test bench ...
Execute     ap_part_info -name xc7v585t-ffg1761-2 -data info 
INFO-FLOW: run_clang exec: /tools/Xilinx/Vitis_HLS/2023.2/lnx64/tools/clang-3.9-csynth/bin/clang -gcc-toolchain /tools/Xilinx/Vitis_HLS/2023.2/lnx64/tools/gcc -foptimization-record-file=/home/yzy/MachSuite/spmv/crs/spmv_syn/solution/.autopilot/db/harness.c.clang.autosim-tb.diag.yml -mllvm -pass-remarks-missed=reflow|pasta|unroll -mllvm -pass-remarks=reflow|pasta|unroll|inline -fno-builtin-isinf -fno-builtin-isnan -E -Wno-unknown-pragmas -Wno-unknown-pragmas -DGCC_COMPATIBLE_APINT -DAESL_TB -D__HLS_COSIM__ -D__VITIS_HLS__ -I /tools/Xilinx/Vitis_HLS/2023.2/include -I include /home/yzy/MachSuite/common/harness.c -o /home/yzy/MachSuite/spmv/crs/spmv_syn/solution/./sim/autowrap/testbench/harness.c_pre.c -std=gnu99 -D__DSP48E1__ > /home/yzy/MachSuite/spmv/crs/spmv_syn/solution/.autopilot/db/harness.c.clang.autosim-tb.out.log 2> /home/yzy/MachSuite/spmv/crs/spmv_syn/solution/.autopilot/db/harness.c.clang.autosim-tb.err.log
INFO-FLOW: TB processing: /home/yzy/MachSuite/common/harness.c /home/yzy/MachSuite/spmv/crs/spmv_syn/solution/./sim/autowrap/testbench/harness.c_pre.c
Execute     clang_tidy xilinx-tb-process -desc tb-process /home/yzy/MachSuite/spmv/crs/spmv_syn/solution/./sim/autowrap/testbench/harness.c_pre.c.tb.c std=gnu99 
INFO-FLOW: exec /tools/Xilinx/Vitis_HLS/2023.2/lnx64/tools/clang-3.9-csynth/bin/clang-tidy -header-filter=.* --checks=-*,xilinx-tb-process -fix-errors /home/yzy/MachSuite/spmv/crs/spmv_syn/solution/./sim/autowrap/testbench/harness.c_pre.c.tb.c -- -std=gnu99 -fhls -ferror-limit=0
Execute     ap_part_info -name xc7v585t-ffg1761-2 -data info 
INFO-FLOW: run_clang exec: /tools/Xilinx/Vitis_HLS/2023.2/lnx64/tools/clang-3.9-csynth/bin/clang -gcc-toolchain /tools/Xilinx/Vitis_HLS/2023.2/lnx64/tools/gcc -foptimization-record-file=/home/yzy/MachSuite/spmv/crs/spmv_syn/solution/.autopilot/db/local_support.c.clang.autosim-tb.diag.yml -mllvm -pass-remarks-missed=reflow|pasta|unroll -mllvm -pass-remarks=reflow|pasta|unroll|inline -fno-builtin-isinf -fno-builtin-isnan -E -DGCC_COMPATIBLE_APINT -DAESL_TB -D__HLS_COSIM__ -D__VITIS_HLS__ -I /tools/Xilinx/Vitis_HLS/2023.2/include -I include /home/yzy/MachSuite/spmv/crs/local_support.c -o /home/yzy/MachSuite/spmv/crs/spmv_syn/solution/./sim/autowrap/testbench/local_support.c_pre.c -std=gnu99 -D__DSP48E1__ > /home/yzy/MachSuite/spmv/crs/spmv_syn/solution/.autopilot/db/local_support.c.clang.autosim-tb.out.log 2> /home/yzy/MachSuite/spmv/crs/spmv_syn/solution/.autopilot/db/local_support.c.clang.autosim-tb.err.log
INFO-FLOW: TB processing: /home/yzy/MachSuite/spmv/crs/local_support.c /home/yzy/MachSuite/spmv/crs/spmv_syn/solution/./sim/autowrap/testbench/local_support.c_pre.c
Execute     clang_tidy xilinx-tb-process -desc tb-process /home/yzy/MachSuite/spmv/crs/spmv_syn/solution/./sim/autowrap/testbench/local_support.c_pre.c.tb.c std=gnu99 
INFO-FLOW: exec /tools/Xilinx/Vitis_HLS/2023.2/lnx64/tools/clang-3.9-csynth/bin/clang-tidy -header-filter=.* --checks=-*,xilinx-tb-process -fix-errors /home/yzy/MachSuite/spmv/crs/spmv_syn/solution/./sim/autowrap/testbench/local_support.c_pre.c.tb.c -- -std=gnu99 -fhls -ferror-limit=0
Execute     ap_part_info -name xc7v585t-ffg1761-2 -data info 
INFO-FLOW: run_clang exec: /tools/Xilinx/Vitis_HLS/2023.2/lnx64/tools/clang-3.9-csynth/bin/clang -gcc-toolchain /tools/Xilinx/Vitis_HLS/2023.2/lnx64/tools/gcc -foptimization-record-file=/home/yzy/MachSuite/spmv/crs/spmv_syn/solution/.autopilot/db/support.c.clang.autosim-tb.diag.yml -mllvm -pass-remarks-missed=reflow|pasta|unroll -mllvm -pass-remarks=reflow|pasta|unroll|inline -fno-builtin-isinf -fno-builtin-isnan -E -DGCC_COMPATIBLE_APINT -DAESL_TB -D__HLS_COSIM__ -D__VITIS_HLS__ -I /tools/Xilinx/Vitis_HLS/2023.2/include -I include /home/yzy/MachSuite/spmv/crs/support.c -o /home/yzy/MachSuite/spmv/crs/spmv_syn/solution/./sim/autowrap/testbench/support.c_pre.c -std=gnu99 -D__DSP48E1__ > /home/yzy/MachSuite/spmv/crs/spmv_syn/solution/.autopilot/db/support.c.clang.autosim-tb.out.log 2> /home/yzy/MachSuite/spmv/crs/spmv_syn/solution/.autopilot/db/support.c.clang.autosim-tb.err.log
INFO-FLOW: TB processing: /home/yzy/MachSuite/spmv/crs/support.c /home/yzy/MachSuite/spmv/crs/spmv_syn/solution/./sim/autowrap/testbench/support.c_pre.c
Execute     clang_tidy xilinx-tb-process -desc tb-process /home/yzy/MachSuite/spmv/crs/spmv_syn/solution/./sim/autowrap/testbench/support.c_pre.c.tb.c std=gnu99 
INFO-FLOW: exec /tools/Xilinx/Vitis_HLS/2023.2/lnx64/tools/clang-3.9-csynth/bin/clang-tidy -header-filter=.* --checks=-*,xilinx-tb-process -fix-errors /home/yzy/MachSuite/spmv/crs/spmv_syn/solution/./sim/autowrap/testbench/support.c_pre.c.tb.c -- -std=gnu99 -fhls -ferror-limit=0
Execute     ap_part_info -name xc7v585t-ffg1761-2 -data info 
INFO-FLOW: run_clang exec: /tools/Xilinx/Vitis_HLS/2023.2/lnx64/tools/clang-3.9-csynth/bin/clang -gcc-toolchain /tools/Xilinx/Vitis_HLS/2023.2/lnx64/tools/gcc -foptimization-record-file=/home/yzy/MachSuite/spmv/crs/spmv_syn/solution/.autopilot/db/spmv.c.clang.autosim-tb.diag.yml -mllvm -pass-remarks-missed=reflow|pasta|unroll -mllvm -pass-remarks=reflow|pasta|unroll|inline -fno-builtin-isinf -fno-builtin-isnan -E -DGCC_COMPATIBLE_APINT -DAESL_TB -D__HLS_COSIM__ -D__VITIS_HLS__ -I /tools/Xilinx/Vitis_HLS/2023.2/include -I include /home/yzy/MachSuite/spmv/crs/spmv.c -o /home/yzy/MachSuite/spmv/crs/spmv_syn/solution/./sim/autowrap/testbench/spmv.c_pre.c -std=gnu99 -D__DSP48E1__ > /home/yzy/MachSuite/spmv/crs/spmv_syn/solution/.autopilot/db/spmv.c.clang.autosim-tb.out.log 2> /home/yzy/MachSuite/spmv/crs/spmv_syn/solution/.autopilot/db/spmv.c.clang.autosim-tb.err.log
INFO-FLOW: TB processing: /home/yzy/MachSuite/spmv/crs/spmv.c /home/yzy/MachSuite/spmv/crs/spmv_syn/solution/./sim/autowrap/testbench/spmv.c_pre.c
Execute     clang_tidy xilinx-tb-process -desc tb-process /home/yzy/MachSuite/spmv/crs/spmv_syn/solution/./sim/autowrap/testbench/spmv.c_pre.c.tb.c std=gnu99 
INFO-FLOW: exec /tools/Xilinx/Vitis_HLS/2023.2/lnx64/tools/clang-3.9-csynth/bin/clang-tidy -header-filter=.* --checks=-*,xilinx-tb-process -fix-errors /home/yzy/MachSuite/spmv/crs/spmv_syn/solution/./sim/autowrap/testbench/spmv.c_pre.c.tb.c -- -std=gnu99 -fhls -ferror-limit=0
Execute     source /home/yzy/MachSuite/spmv/crs/spmv_syn/solution/./sim/autowrap/testbench/tb.status.tcl 
Execute     source /home/yzy/MachSuite/spmv/crs/spmv_syn/solution/.autopilot/db/global.setting.tcl 
Execute     source /home/yzy/MachSuite/spmv/crs/spmv_syn/solution/.autopilot/db/spmv.rtl_wrap.cfg.tcl 
Execute     source /home/yzy/MachSuite/spmv/crs/spmv_syn/solution/.autopilot/db/spmv.rtl_wrap.cfg.tcl 
Execute     source /home/yzy/MachSuite/spmv/crs/spmv_syn/solution/.autopilot/db/spmv.rtl_wrap.cfg.tcl 
Execute     source /home/yzy/MachSuite/spmv/crs/spmv_syn/solution/.autopilot/db/spmv.tbgen.tcl 
Execute     source /home/yzy/MachSuite/spmv/crs/spmv_syn/solution/.autopilot/db/spmv.tbgen.tcl 
Execute     ap_part_info -name xc7v585t-ffg1761-2 -data info 
Execute     source /home/yzy/MachSuite/spmv/crs/spmv_syn/solution/.autopilot/db/spmv.rtl_wrap.cfg.tcl 
Execute     source .run_sim.tcl 
INFO: [COSIM 212-302] Starting C TB testing ... 
INFO: [COSIM 212-333] Generating C post check test bench ...
INFO: [COSIM 212-12] Generating RTL test bench ...
Execute     source ../tv/cdatafile/ref.tcl 
Execute     source /home/yzy/MachSuite/spmv/crs/spmv_syn/solution/.autopilot/db/spmv.tbgen.tcl 
Execute     source /home/yzy/MachSuite/spmv/crs/spmv_syn/solution/.autopilot/db/spmv.tbgen.tcl 
Execute     source /home/yzy/MachSuite/spmv/crs/spmv_syn/solution/.autopilot/db/spmv.tbgen.tcl 
Execute     source /home/yzy/MachSuite/spmv/crs/spmv_syn/solution/.autopilot/db/spmv.tbgen.tcl 
Execute     source ../tv/cdatafile/ref.tcl 
Execute     source /home/yzy/MachSuite/spmv/crs/spmv_syn/solution/.autopilot/db/spmv.tbgen.tcl 
Execute     source /home/yzy/MachSuite/spmv/crs/spmv_syn/solution/.autopilot/db/spmv.tbgen.tcl 
Execute     source /home/yzy/MachSuite/spmv/crs/spmv_syn/solution/.autopilot/db/spmv.tbgen.tcl 
Execute     source /home/yzy/MachSuite/spmv/crs/spmv_syn/solution/.autopilot/db/spmv.tbgen.tcl 
Execute     source /home/yzy/MachSuite/spmv/crs/spmv_syn/solution/.autopilot/db/spmv.tbgen.tcl 
Execute     source /home/yzy/MachSuite/spmv/crs/spmv_syn/solution/.autopilot/db/spmv.tbgen.tcl 
Execute     source /home/yzy/MachSuite/spmv/crs/spmv_syn/solution/.autopilot/db/spmv.tbgen.tcl 
Execute     source /home/yzy/MachSuite/spmv/crs/spmv_syn/solution/.autopilot/db/spmv.tbgen.tcl 
Execute     source /home/yzy/MachSuite/spmv/crs/spmv_syn/solution/.autopilot/db/spmv.tbgen.tcl 
Execute     source /home/yzy/MachSuite/spmv/crs/spmv_syn/solution/.autopilot/db/spmv.tbgen.tcl 
Execute     source /home/yzy/MachSuite/spmv/crs/spmv_syn/solution/.autopilot/db/spmv.tbgen.tcl 
Execute     source /home/yzy/MachSuite/spmv/crs/spmv_syn/solution/.autopilot/db/spmv.DependenceCheck.tcl 
Execute     source /home/yzy/MachSuite/spmv/crs/spmv_syn/solution/.autopilot/db/spmv.tbgen.tcl 
Execute     ap_part_info -name xc7v585t-ffg1761-2 -data names -quiet 
Execute     ap_part_info -name xc7v585t-ffg1761-2 -data info -quiet 
INFO: [COSIM 212-1] *** C/RTL co-simulation file generation completed. ***
Execute     source .run_sim.tcl 
Execute       source check_sim.tcl 
Execute       source dataflow_monitor_API.tcl 
Execute       source .sim.status.tcl 
INFO: [COSIM 212-323] Starting verilog simulation. 
INFO: [COSIM 212-15] Starting XSIM ...
INFO: [COSIM 212-316] Starting C post checking ...
Command     ap_source done; 18.09 sec.
INFO: [COSIM 212-1000] *** C/RTL co-simulation finished: PASS ***
INFO: [COSIM 212-211] II is measurable only when transaction number is greater than 1 in RTL simulation. Otherwise, they will be marked as all NA. If user wants to calculate them, please make sure there are at least 2 transactions in RTL simulation.
Command   cosim_design done; 56.34 sec.
INFO: [HLS 200-111] Finished Command cosim_design CPU user time: 60.18 seconds. CPU system time: 4.36 seconds. Elapsed time: 56.34 seconds; current allocated memory: 7.754 MB.
Execute   cleanup_all 
