/home/yzy/MachSuite/spmv/crs/spmv_syn/solution/.autopilot/db/support.pp.0.c:2109:3: warning: Added loop label VITIS_LOOP_97_1:   [xilinx-label-all-loops]
  for( r=0; r<new_rands; r++ ) {
  ^~~
  VITIS_LOOP_97_1: 
/home/yzy/MachSuite/spmv/crs/spmv_syn/solution/.autopilot/db/support.pp.0.c:2109:3: note: FIX-IT applied suggested code changes
/home/yzy/MachSuite/spmv/crs/spmv_syn/solution/.autopilot/db/support.pp.0.c:2125:3: warning: Added loop label VITIS_LOOP_113_1:   [xilinx-label-all-loops]
  for(i=1; i<((1)<<6); i++) {
  ^~~
  VITIS_LOOP_113_1: 
/home/yzy/MachSuite/spmv/crs/spmv_syn/solution/.autopilot/db/support.pp.0.c:2125:3: note: FIX-IT applied suggested code changes
/home/yzy/MachSuite/spmv/crs/spmv_syn/solution/.autopilot/db/support.pp.0.c:2132:3: warning: Added loop label VITIS_LOOP_120_2:   [xilinx-label-all-loops]
  for(i=0; i<10000; i++) {
  ^~~
  VITIS_LOOP_120_2: 
/home/yzy/MachSuite/spmv/crs/spmv_syn/solution/.autopilot/db/support.pp.0.c:2132:3: note: FIX-IT applied suggested code changes
/home/yzy/MachSuite/spmv/crs/spmv_syn/solution/.autopilot/db/support.pp.0.c:3876:3: warning: Added loop label VITIS_LOOP_24_1:   [xilinx-label-all-loops]
  while(written<buffered) {
  ^~~~~
  VITIS_LOOP_24_1: 
/home/yzy/MachSuite/spmv/crs/spmv_syn/solution/.autopilot/db/support.pp.0.c:3876:3: note: FIX-IT applied suggested code changes
/home/yzy/MachSuite/spmv/crs/spmv_syn/solution/.autopilot/db/support.pp.0.c:3898:3: warning: Added loop label VITIS_LOOP_46_1:   [xilinx-label-all-loops]
  while( bytes_read<len ) {
  ^~~~~
  VITIS_LOOP_46_1: 
/home/yzy/MachSuite/spmv/crs/spmv_syn/solution/.autopilot/db/support.pp.0.c:3898:3: note: FIX-IT applied suggested code changes
/home/yzy/MachSuite/spmv/crs/spmv_syn/solution/.autopilot/db/support.pp.0.c:3916:3: warning: Added loop label VITIS_LOOP_64_1:   [xilinx-label-all-loops]
  while(i<n && (*s)!=(char)0) {
  ^~~~~
  VITIS_LOOP_64_1: 
/home/yzy/MachSuite/spmv/crs/spmv_syn/solution/.autopilot/db/support.pp.0.c:3916:3: note: FIX-IT applied suggested code changes
/home/yzy/MachSuite/spmv/crs/spmv_syn/solution/.autopilot/db/support.pp.0.c:3935:5: warning: Added loop label VITIS_LOOP_83_1:   [xilinx-label-all-loops]
    while( s[k]!=(char)0 && s[k+1]!=(char)0 && s[k+2]!=(char)0
    ^~~~~
    VITIS_LOOP_83_1: 
/home/yzy/MachSuite/spmv/crs/spmv_syn/solution/.autopilot/db/support.pp.0.c:3935:5: note: FIX-IT applied suggested code changes
/home/yzy/MachSuite/spmv/crs/spmv_syn/solution/.autopilot/db/support.pp.0.c:3950:218: warning: Added loop label VITIS_LOOP_132_1:   [xilinx-label-all-loops]
int parse_uint8_t_array(char *s, uint8_t *arr, int n) { char *line, *endptr; int i=0; uint8_t v; ({ int _AssertPred = s!=((void*)0) && "Invalid input string"; __builtin_assume(_AssertPred); }); line = strtok(s,"\n"); while( line!=((void*)0) && i<n ) { endptr = line; v = (uint8_t)(strtol(line,&endptr,10)); if( (*endptr)!=(char)0 ) { fprintf(stderr, "Invalid input: line %d of section\n", i); } arr[i] = v; i++; line[strlen(line)] = '\n'; line = strtok(((void*)0),"\n"); } if(line!=((void*)0)) { line[strlen(line)] = '\n'; } return 0; }
                                                                                                                                                                                                                         ^~~~~
                                                                                                                                                                                                                         VITIS_LOOP_132_1: 
/home/yzy/MachSuite/spmv/crs/spmv_syn/solution/.autopilot/db/support.pp.0.c:3950:218: note: FIX-IT applied suggested code changes
/home/yzy/MachSuite/spmv/crs/spmv_syn/solution/.autopilot/db/support.pp.0.c:3951:221: warning: Added loop label VITIS_LOOP_133_1:   [xilinx-label-all-loops]
int parse_uint16_t_array(char *s, uint16_t *arr, int n) { char *line, *endptr; int i=0; uint16_t v; ({ int _AssertPred = s!=((void*)0) && "Invalid input string"; __builtin_assume(_AssertPred); }); line = strtok(s,"\n"); while( line!=((void*)0) && i<n ) { endptr = line; v = (uint16_t)(strtol(line,&endptr,10)); if( (*endptr)!=(char)0 ) { fprintf(stderr, "Invalid input: line %d of section\n", i); } arr[i] = v; i++; line[strlen(line)] = '\n'; line = strtok(((void*)0),"\n"); } if(line!=((void*)0)) { line[strlen(line)] = '\n'; } return 0; }
                                                                                                                                                                                                                            ^~~~~
                                                                                                                                                                                                                            VITIS_LOOP_133_1: 
/home/yzy/MachSuite/spmv/crs/spmv_syn/solution/.autopilot/db/support.pp.0.c:3951:221: note: FIX-IT applied suggested code changes
/home/yzy/MachSuite/spmv/crs/spmv_syn/solution/.autopilot/db/support.pp.0.c:3952:221: warning: Added loop label VITIS_LOOP_134_1:   [xilinx-label-all-loops]
int parse_uint32_t_array(char *s, uint32_t *arr, int n) { char *line, *endptr; int i=0; uint32_t v; ({ int _AssertPred = s!=((void*)0) && "Invalid input string"; __builtin_assume(_AssertPred); }); line = strtok(s,"\n"); while( line!=((void*)0) && i<n ) { endptr = line; v = (uint32_t)(strtol(line,&endptr,10)); if( (*endptr)!=(char)0 ) { fprintf(stderr, "Invalid input: line %d of section\n", i); } arr[i] = v; i++; line[strlen(line)] = '\n'; line = strtok(((void*)0),"\n"); } if(line!=((void*)0)) { line[strlen(line)] = '\n'; } return 0; }
                                                                                                                                                                                                                            ^~~~~
                                                                                                                                                                                                                            VITIS_LOOP_134_1: 
/home/yzy/MachSuite/spmv/crs/spmv_syn/solution/.autopilot/db/support.pp.0.c:3952:221: note: FIX-IT applied suggested code changes
/home/yzy/MachSuite/spmv/crs/spmv_syn/solution/.autopilot/db/support.pp.0.c:3953:221: warning: Added loop label VITIS_LOOP_135_1:   [xilinx-label-all-loops]
int parse_uint64_t_array(char *s, uint64_t *arr, int n) { char *line, *endptr; int i=0; uint64_t v; ({ int _AssertPred = s!=((void*)0) && "Invalid input string"; __builtin_assume(_AssertPred); }); line = strtok(s,"\n"); while( line!=((void*)0) && i<n ) { endptr = line; v = (uint64_t)(strtol(line,&endptr,10)); if( (*endptr)!=(char)0 ) { fprintf(stderr, "Invalid input: line %d of section\n", i); } arr[i] = v; i++; line[strlen(line)] = '\n'; line = strtok(((void*)0),"\n"); } if(line!=((void*)0)) { line[strlen(line)] = '\n'; } return 0; }
                                                                                                                                                                                                                            ^~~~~
                                                                                                                                                                                                                            VITIS_LOOP_135_1: 
/home/yzy/MachSuite/spmv/crs/spmv_syn/solution/.autopilot/db/support.pp.0.c:3953:221: note: FIX-IT applied suggested code changes
/home/yzy/MachSuite/spmv/crs/spmv_syn/solution/.autopilot/db/support.pp.0.c:3954:215: warning: Added loop label VITIS_LOOP_136_1:   [xilinx-label-all-loops]
int parse_int8_t_array(char *s, int8_t *arr, int n) { char *line, *endptr; int i=0; int8_t v; ({ int _AssertPred = s!=((void*)0) && "Invalid input string"; __builtin_assume(_AssertPred); }); line = strtok(s,"\n"); while( line!=((void*)0) && i<n ) { endptr = line; v = (int8_t)(strtol(line,&endptr,10)); if( (*endptr)!=(char)0 ) { fprintf(stderr, "Invalid input: line %d of section\n", i); } arr[i] = v; i++; line[strlen(line)] = '\n'; line = strtok(((void*)0),"\n"); } if(line!=((void*)0)) { line[strlen(line)] = '\n'; } return 0; }
                                                                                                                                                                                                                      ^~~~~
                                                                                                                                                                                                                      VITIS_LOOP_136_1: 
/home/yzy/MachSuite/spmv/crs/spmv_syn/solution/.autopilot/db/support.pp.0.c:3954:215: note: FIX-IT applied suggested code changes
/home/yzy/MachSuite/spmv/crs/spmv_syn/solution/.autopilot/db/support.pp.0.c:3955:218: warning: Added loop label VITIS_LOOP_137_1:   [xilinx-label-all-loops]
int parse_int16_t_array(char *s, int16_t *arr, int n) { char *line, *endptr; int i=0; int16_t v; ({ int _AssertPred = s!=((void*)0) && "Invalid input string"; __builtin_assume(_AssertPred); }); line = strtok(s,"\n"); while( line!=((void*)0) && i<n ) { endptr = line; v = (int16_t)(strtol(line,&endptr,10)); if( (*endptr)!=(char)0 ) { fprintf(stderr, "Invalid input: line %d of section\n", i); } arr[i] = v; i++; line[strlen(line)] = '\n'; line = strtok(((void*)0),"\n"); } if(line!=((void*)0)) { line[strlen(line)] = '\n'; } return 0; }
                                                                                                                                                                                                                         ^~~~~
                                                                                                                                                                                                                         VITIS_LOOP_137_1: 
/home/yzy/MachSuite/spmv/crs/spmv_syn/solution/.autopilot/db/support.pp.0.c:3955:218: note: FIX-IT applied suggested code changes
/home/yzy/MachSuite/spmv/crs/spmv_syn/solution/.autopilot/db/support.pp.0.c:3956:218: warning: Added loop label VITIS_LOOP_138_1:   [xilinx-label-all-loops]
int parse_int32_t_array(char *s, int32_t *arr, int n) { char *line, *endptr; int i=0; int32_t v; ({ int _AssertPred = s!=((void*)0) && "Invalid input string"; __builtin_assume(_AssertPred); }); line = strtok(s,"\n"); while( line!=((void*)0) && i<n ) { endptr = line; v = (int32_t)(strtol(line,&endptr,10)); if( (*endptr)!=(char)0 ) { fprintf(stderr, "Invalid input: line %d of section\n", i); } arr[i] = v; i++; line[strlen(line)] = '\n'; line = strtok(((void*)0),"\n"); } if(line!=((void*)0)) { line[strlen(line)] = '\n'; } return 0; }
                                                                                                                                                                                                                         ^~~~~
                                                                                                                                                                                                                         VITIS_LOOP_138_1: 
/home/yzy/MachSuite/spmv/crs/spmv_syn/solution/.autopilot/db/support.pp.0.c:3956:218: note: FIX-IT applied suggested code changes
/home/yzy/MachSuite/spmv/crs/spmv_syn/solution/.autopilot/db/support.pp.0.c:3957:218: warning: Added loop label VITIS_LOOP_139_1:   [xilinx-label-all-loops]
int parse_int64_t_array(char *s, int64_t *arr, int n) { char *line, *endptr; int i=0; int64_t v; ({ int _AssertPred = s!=((void*)0) && "Invalid input string"; __builtin_assume(_AssertPred); }); line = strtok(s,"\n"); while( line!=((void*)0) && i<n ) { endptr = line; v = (int64_t)(strtol(line,&endptr,10)); if( (*endptr)!=(char)0 ) { fprintf(stderr, "Invalid input: line %d of section\n", i); } arr[i] = v; i++; line[strlen(line)] = '\n'; line = strtok(((void*)0),"\n"); } if(line!=((void*)0)) { line[strlen(line)] = '\n'; } return 0; }
                                                                                                                                                                                                                         ^~~~~
                                                                                                                                                                                                                         VITIS_LOOP_139_1: 
/home/yzy/MachSuite/spmv/crs/spmv_syn/solution/.autopilot/db/support.pp.0.c:3957:218: note: FIX-IT applied suggested code changes
/home/yzy/MachSuite/spmv/crs/spmv_syn/solution/.autopilot/db/support.pp.0.c:3959:212: warning: Added loop label VITIS_LOOP_141_1:   [xilinx-label-all-loops]
int parse_float_array(char *s, float *arr, int n) { char *line, *endptr; int i=0; float v; ({ int _AssertPred = s!=((void*)0) && "Invalid input string"; __builtin_assume(_AssertPred); }); line = strtok(s,"\n"); while( line!=((void*)0) && i<n ) { endptr = line; v = (float)(strtof(line, &endptr)); if( (*endptr)!=(char)0 ) { fprintf(stderr, "Invalid input: line %d of section\n", i); } arr[i] = v; i++; line[strlen(line)] = '\n'; line = strtok(((void*)0),"\n"); } if(line!=((void*)0)) { line[strlen(line)] = '\n'; } return 0; }
                                                                                                                                                                                                                   ^~~~~
                                                                                                                                                                                                                   VITIS_LOOP_141_1: 
/home/yzy/MachSuite/spmv/crs/spmv_syn/solution/.autopilot/db/support.pp.0.c:3959:212: note: FIX-IT applied suggested code changes
/home/yzy/MachSuite/spmv/crs/spmv_syn/solution/.autopilot/db/support.pp.0.c:3960:215: warning: Added loop label VITIS_LOOP_142_1:   [xilinx-label-all-loops]
int parse_double_array(char *s, double *arr, int n) { char *line, *endptr; int i=0; double v; ({ int _AssertPred = s!=((void*)0) && "Invalid input string"; __builtin_assume(_AssertPred); }); line = strtok(s,"\n"); while( line!=((void*)0) && i<n ) { endptr = line; v = (double)(strtod(line, &endptr)); if( (*endptr)!=(char)0 ) { fprintf(stderr, "Invalid input: line %d of section\n", i); } arr[i] = v; i++; line[strlen(line)] = '\n'; line = strtok(((void*)0),"\n"); } if(line!=((void*)0)) { line[strlen(line)] = '\n'; } return 0; }
                                                                                                                                                                                                                      ^~~~~
                                                                                                                                                                                                                      VITIS_LOOP_142_1: 
/home/yzy/MachSuite/spmv/crs/spmv_syn/solution/.autopilot/db/support.pp.0.c:3960:215: note: FIX-IT applied suggested code changes
/home/yzy/MachSuite/spmv/crs/spmv_syn/solution/.autopilot/db/support.pp.0.c:3970:3: warning: Added loop label VITIS_LOOP_152_1:   [xilinx-label-all-loops]
  while(written<n) {
  ^~~~~
  VITIS_LOOP_152_1: 
/home/yzy/MachSuite/spmv/crs/spmv_syn/solution/.autopilot/db/support.pp.0.c:3970:3: note: FIX-IT applied suggested code changes
/home/yzy/MachSuite/spmv/crs/spmv_syn/solution/.autopilot/db/support.pp.0.c:3976:3: warning: Added loop label VITIS_LOOP_158_2:   [xilinx-label-all-loops]
  do {
  ^~
  VITIS_LOOP_158_2: 
/home/yzy/MachSuite/spmv/crs/spmv_syn/solution/.autopilot/db/support.pp.0.c:3976:3: note: FIX-IT applied suggested code changes
/home/yzy/MachSuite/spmv/crs/spmv_syn/solution/.autopilot/db/support.pp.0.c:3984:154: warning: Added loop label VITIS_LOOP_177_1:   [xilinx-label-all-loops]
int write_uint8_t_array(int fd, uint8_t *arr, int n) { int i; ({ int _AssertPred = fd>1 && "Invalid file descriptor"; __builtin_assume(_AssertPred); }); for( i=0; i<n; i++ ) { fd_printf(fd, "%" "u" "\n", arr[i]); } return 0; }
                                                                                                                                                         ^~~
                                                                                                                                                         VITIS_LOOP_177_1: 
/home/yzy/MachSuite/spmv/crs/spmv_syn/solution/.autopilot/db/support.pp.0.c:3984:154: note: FIX-IT applied suggested code changes
/home/yzy/MachSuite/spmv/crs/spmv_syn/solution/.autopilot/db/support.pp.0.c:3985:156: warning: Added loop label VITIS_LOOP_178_1:   [xilinx-label-all-loops]
int write_uint16_t_array(int fd, uint16_t *arr, int n) { int i; ({ int _AssertPred = fd>1 && "Invalid file descriptor"; __builtin_assume(_AssertPred); }); for( i=0; i<n; i++ ) { fd_printf(fd, "%" "u" "\n", arr[i]); } return 0; }
                                                                                                                                                           ^~~
                                                                                                                                                           VITIS_LOOP_178_1: 
/home/yzy/MachSuite/spmv/crs/spmv_syn/solution/.autopilot/db/support.pp.0.c:3985:156: note: FIX-IT applied suggested code changes
/home/yzy/MachSuite/spmv/crs/spmv_syn/solution/.autopilot/db/support.pp.0.c:3986:156: warning: Added loop label VITIS_LOOP_179_1:   [xilinx-label-all-loops]
int write_uint32_t_array(int fd, uint32_t *arr, int n) { int i; ({ int _AssertPred = fd>1 && "Invalid file descriptor"; __builtin_assume(_AssertPred); }); for( i=0; i<n; i++ ) { fd_printf(fd, "%" "u" "\n", arr[i]); } return 0; }
                                                                                                                                                           ^~~
                                                                                                                                                           VITIS_LOOP_179_1: 
/home/yzy/MachSuite/spmv/crs/spmv_syn/solution/.autopilot/db/support.pp.0.c:3986:156: note: FIX-IT applied suggested code changes
/home/yzy/MachSuite/spmv/crs/spmv_syn/solution/.autopilot/db/support.pp.0.c:3987:156: warning: Added loop label VITIS_LOOP_180_1:   [xilinx-label-all-loops]
int write_uint64_t_array(int fd, uint64_t *arr, int n) { int i; ({ int _AssertPred = fd>1 && "Invalid file descriptor"; __builtin_assume(_AssertPred); }); for( i=0; i<n; i++ ) { fd_printf(fd, "%" "l" "u" "\n", arr[i]); } return 0; }
                                                                                                                                                           ^~~
                                                                                                                                                           VITIS_LOOP_180_1: 
/home/yzy/MachSuite/spmv/crs/spmv_syn/solution/.autopilot/db/support.pp.0.c:3987:156: note: FIX-IT applied suggested code changes
/home/yzy/MachSuite/spmv/crs/spmv_syn/solution/.autopilot/db/support.pp.0.c:3988:152: warning: Added loop label VITIS_LOOP_181_1:   [xilinx-label-all-loops]
int write_int8_t_array(int fd, int8_t *arr, int n) { int i; ({ int _AssertPred = fd>1 && "Invalid file descriptor"; __builtin_assume(_AssertPred); }); for( i=0; i<n; i++ ) { fd_printf(fd, "%" "d" "\n", arr[i]); } return 0; }
                                                                                                                                                       ^~~
                                                                                                                                                       VITIS_LOOP_181_1: 
/home/yzy/MachSuite/spmv/crs/spmv_syn/solution/.autopilot/db/support.pp.0.c:3988:152: note: FIX-IT applied suggested code changes
/home/yzy/MachSuite/spmv/crs/spmv_syn/solution/.autopilot/db/support.pp.0.c:3989:154: warning: Added loop label VITIS_LOOP_182_1:   [xilinx-label-all-loops]
int write_int16_t_array(int fd, int16_t *arr, int n) { int i; ({ int _AssertPred = fd>1 && "Invalid file descriptor"; __builtin_assume(_AssertPred); }); for( i=0; i<n; i++ ) { fd_printf(fd, "%" "d" "\n", arr[i]); } return 0; }
                                                                                                                                                         ^~~
                                                                                                                                                         VITIS_LOOP_182_1: 
/home/yzy/MachSuite/spmv/crs/spmv_syn/solution/.autopilot/db/support.pp.0.c:3989:154: note: FIX-IT applied suggested code changes
/home/yzy/MachSuite/spmv/crs/spmv_syn/solution/.autopilot/db/support.pp.0.c:3990:154: warning: Added loop label VITIS_LOOP_183_1:   [xilinx-label-all-loops]
int write_int32_t_array(int fd, int32_t *arr, int n) { int i; ({ int _AssertPred = fd>1 && "Invalid file descriptor"; __builtin_assume(_AssertPred); }); for( i=0; i<n; i++ ) { fd_printf(fd, "%" "d" "\n", arr[i]); } return 0; }
                                                                                                                                                         ^~~
                                                                                                                                                         VITIS_LOOP_183_1: 
/home/yzy/MachSuite/spmv/crs/spmv_syn/solution/.autopilot/db/support.pp.0.c:3990:154: note: FIX-IT applied suggested code changes
/home/yzy/MachSuite/spmv/crs/spmv_syn/solution/.autopilot/db/support.pp.0.c:3991:154: warning: Added loop label VITIS_LOOP_184_1:   [xilinx-label-all-loops]
int write_int64_t_array(int fd, int64_t *arr, int n) { int i; ({ int _AssertPred = fd>1 && "Invalid file descriptor"; __builtin_assume(_AssertPred); }); for( i=0; i<n; i++ ) { fd_printf(fd, "%" "l" "d" "\n", arr[i]); } return 0; }
                                                                                                                                                         ^~~
                                                                                                                                                         VITIS_LOOP_184_1: 
/home/yzy/MachSuite/spmv/crs/spmv_syn/solution/.autopilot/db/support.pp.0.c:3991:154: note: FIX-IT applied suggested code changes
/home/yzy/MachSuite/spmv/crs/spmv_syn/solution/.autopilot/db/support.pp.0.c:3993:150: warning: Added loop label VITIS_LOOP_186_1:   [xilinx-label-all-loops]
int write_float_array(int fd, float *arr, int n) { int i; ({ int _AssertPred = fd>1 && "Invalid file descriptor"; __builtin_assume(_AssertPred); }); for( i=0; i<n; i++ ) { fd_printf(fd, "%" ".16f" "\n", arr[i]); } return 0; }
                                                                                                                                                     ^~~
                                                                                                                                                     VITIS_LOOP_186_1: 
/home/yzy/MachSuite/spmv/crs/spmv_syn/solution/.autopilot/db/support.pp.0.c:3993:150: note: FIX-IT applied suggested code changes
/home/yzy/MachSuite/spmv/crs/spmv_syn/solution/.autopilot/db/support.pp.0.c:3994:152: warning: Added loop label VITIS_LOOP_187_1:   [xilinx-label-all-loops]
int write_double_array(int fd, double *arr, int n) { int i; ({ int _AssertPred = fd>1 && "Invalid file descriptor"; __builtin_assume(_AssertPred); }); for( i=0; i<n; i++ ) { fd_printf(fd, "%" ".16f" "\n", arr[i]); } return 0; }
                                                                                                                                                       ^~~
                                                                                                                                                       VITIS_LOOP_187_1: 
/home/yzy/MachSuite/spmv/crs/spmv_syn/solution/.autopilot/db/support.pp.0.c:3994:152: note: FIX-IT applied suggested code changes
